{"meta": {"format": 3, "version": "7.13.1", "timestamp": "2026-01-20T23:51:29.530884", "branch_coverage": true, "show_contexts": false}, "files": {"app/__init__.py": {"executed_lines": [], "summary": {"covered_lines": 0, "num_statements": 0, "percent_covered": 100.0, "percent_covered_display": "100", "missing_lines": 0, "excluded_lines": 0, "percent_statements_covered": 100.0, "percent_statements_covered_display": "100", "num_branches": 0, "num_partial_branches": 0, "covered_branches": 0, "missing_branches": 0, "percent_branches_covered": 100.0, "percent_branches_covered_display": "100"}, "missing_lines": [], "excluded_lines": [], "executed_branches": [], "missing_branches": [], "functions": {"": {"executed_lines": [], "summary": {"covered_lines": 0, "num_statements": 0, "percent_covered": 100.0, "percent_covered_display": "100", "missing_lines": 0, "excluded_lines": 0, "percent_statements_covered": 100.0, "percent_statements_covered_display": "100", "num_branches": 0, "num_partial_branches": 0, "covered_branches": 0, "missing_branches": 0, "percent_branches_covered": 100.0, "percent_branches_covered_display": "100"}, "missing_lines": [], "excluded_lines": [], "start_line": 1, "executed_branches": [], "missing_branches": []}}, "classes": {"": {"executed_lines": [], "summary": {"covered_lines": 0, "num_statements": 0, "percent_covered": 100.0, "percent_covered_display": "100", "missing_lines": 0, "excluded_lines": 0, "percent_statements_covered": 100.0, "percent_statements_covered_display": "100", "num_branches": 0, "num_partial_branches": 0, "covered_branches": 0, "missing_branches": 0, "percent_branches_covered": 100.0, "percent_branches_covered_display": "100"}, "missing_lines": [], "excluded_lines": [], "start_line": 1, "executed_branches": [], "missing_branches": []}}}, "app/admin_auth.py": {"executed_lines": [1, 3, 4, 6, 7, 8, 9, 11, 12, 14, 15, 18, 19, 20, 21, 22, 25, 26, 29, 36, 37, 38, 40, 48, 51, 71, 95], "summary": {"covered_lines": 27, "num_statements": 54, "percent_covered": 40.90909090909091, "percent_covered_display": "41", "missing_lines": 27, "excluded_lines": 0, "percent_statements_covered": 50.0, "percent_statements_covered_display": "50", "num_branches": 12, "num_partial_branches": 0, "covered_branches": 0, "missing_branches": 12, "percent_branches_covered": 0.0, "percent_branches_covered_display": "0"}, "missing_lines": [30, 33, 52, 53, 58, 59, 61, 62, 63, 65, 66, 68, 72, 73, 75, 76, 77, 78, 80, 81, 83, 84, 86, 89, 90, 92, 97], "excluded_lines": [], "executed_branches": [], "missing_branches": [[65, 66], [65, 68], [75, 76], [75, 80], [77, 78], [77, 80], [80, 81], [80, 83], [83, 84], [83, 86], [89, 90], [89, 92]], "functions": {"_admin_auth_secret": {"executed_lines": [26], "summary": {"covered_lines": 1, "num_statements": 1, "percent_covered": 100.0, "percent_covered_display": "100", "missing_lines": 0, "excluded_lines": 0, "percent_statements_covered": 100.0, "percent_statements_covered_display": "100", "num_branches": 0, "num_partial_branches": 0, "covered_branches": 0, "missing_branches": 0, "percent_branches_covered": 100.0, "percent_branches_covered_display": "100"}, "missing_lines": [], "excluded_lines": [], "start_line": 25, "executed_branches": [], "missing_branches": []}, "is_allowed_admin": {"executed_lines": [], "summary": {"covered_lines": 0, "num_statements": 2, "percent_covered": 0.0, "percent_covered_display": "0", "missing_lines": 2, "excluded_lines": 0, "percent_statements_covered": 0.0, "percent_statements_covered_display": "0", "num_branches": 0, "num_partial_branches": 0, "covered_branches": 0, "missing_branches": 0, "percent_branches_covered": 100.0, "percent_branches_covered_display": "100"}, "missing_lines": [30, 33], "excluded_lines": [], "start_line": 29, "executed_branches": [], "missing_branches": []}, "create_admin_session": {"executed_lines": [37, 38, 40, 48], "summary": {"covered_lines": 4, "num_statements": 4, "percent_covered": 100.0, "percent_covered_display": "100", "missing_lines": 0, "excluded_lines": 0, "percent_statements_covered": 100.0, "percent_statements_covered_display": "100", "num_branches": 0, "num_partial_branches": 0, "covered_branches": 0, "missing_branches": 0, "percent_branches_covered": 100.0, "percent_branches_covered_display": "100"}, "missing_lines": [], "excluded_lines": [], "start_line": 36, "executed_branches": [], "missing_branches": []}, "decode_admin_session": {"executed_lines": [], "summary": {"covered_lines": 0, "num_statements": 10, "percent_covered": 0.0, "percent_covered_display": "0", "missing_lines": 10, "excluded_lines": 0, "percent_statements_covered": 0.0, "percent_statements_covered_display": "0", "num_branches": 2, "num_partial_branches": 0, "covered_branches": 0, "missing_branches": 2, "percent_branches_covered": 0.0, "percent_branches_covered_display": "0"}, "missing_lines": [52, 53, 58, 59, 61, 62, 63, 65, 66, 68], "excluded_lines": [], "start_line": 51, "executed_branches": [], "missing_branches": [[65, 66], [65, 68]]}, "get_admin_identity_from_connection": {"executed_lines": [], "summary": {"covered_lines": 0, "num_statements": 14, "percent_covered": 0.0, "percent_covered_display": "0", "missing_lines": 14, "excluded_lines": 0, "percent_statements_covered": 0.0, "percent_statements_covered_display": "0", "num_branches": 10, "num_partial_branches": 0, "covered_branches": 0, "missing_branches": 10, "percent_branches_covered": 0.0, "percent_branches_covered_display": "0"}, "missing_lines": [72, 73, 75, 76, 77, 78, 80, 81, 83, 84, 86, 89, 90, 92], "excluded_lines": [], "start_line": 71, "executed_branches": [], "missing_branches": [[75, 76], [75, 80], [77, 78], [77, 80], [80, 81], [80, 83], [83, 84], [83, 86], [89, 90], [89, 92]]}, "admin_session_guard": {"executed_lines": [], "summary": {"covered_lines": 0, "num_statements": 1, "percent_covered": 0.0, "percent_covered_display": "0", "missing_lines": 1, "excluded_lines": 0, "percent_statements_covered": 0.0, "percent_statements_covered_display": "0", "num_branches": 0, "num_partial_branches": 0, "covered_branches": 0, "missing_branches": 0, "percent_branches_covered": 100.0, "percent_branches_covered_display": "100"}, "missing_lines": [97], "excluded_lines": [], "start_line": 95, "executed_branches": [], "missing_branches": []}, "": {"executed_lines": [1, 3, 4, 6, 7, 8, 9, 11, 12, 14, 15, 18, 19, 20, 21, 22, 25, 29, 36, 51, 71, 95], "summary": {"covered_lines": 22, "num_statements": 22, "percent_covered": 100.0, "percent_covered_display": "100", "missing_lines": 0, "excluded_lines": 0, "percent_statements_covered": 100.0, "percent_statements_covered_display": "100", "num_branches": 0, "num_partial_branches": 0, "covered_branches": 0, "missing_branches": 0, "percent_branches_covered": 100.0, "percent_branches_covered_display": "100"}, "missing_lines": [], "excluded_lines": [], "start_line": 1, "executed_branches": [], "missing_branches": []}}, "classes": {"AdminIdentity": {"executed_lines": [], "summary": {"covered_lines": 0, "num_statements": 0, "percent_covered": 100.0, "percent_covered_display": "100", "missing_lines": 0, "excluded_lines": 0, "percent_statements_covered": 100.0, "percent_statements_covered_display": "100", "num_branches": 0, "num_partial_branches": 0, "covered_branches": 0, "missing_branches": 0, "percent_branches_covered": 100.0, "percent_branches_covered_display": "100"}, "missing_lines": [], "excluded_lines": [], "start_line": 19, "executed_branches": [], "missing_branches": []}, "": {"executed_lines": [1, 3, 4, 6, 7, 8, 9, 11, 12, 14, 15, 18, 19, 20, 21, 22, 25, 26, 29, 36, 37, 38, 40, 48, 51, 71, 95], "summary": {"covered_lines": 27, "num_statements": 54, "percent_covered": 40.90909090909091, "percent_covered_display": "41", "missing_lines": 27, "excluded_lines": 0, "percent_statements_covered": 50.0, "percent_statements_covered_display": "50", "num_branches": 12, "num_partial_branches": 0, "covered_branches": 0, "missing_branches": 12, "percent_branches_covered": 0.0, "percent_branches_covered_display": "0"}, "missing_lines": [30, 33, 52, 53, 58, 59, 61, 62, 63, 65, 66, 68, 72, 73, 75, 76, 77, 78, 80, 81, 83, 84, 86, 89, 90, 92, 97], "excluded_lines": [], "start_line": 1, "executed_branches": [], "missing_branches": [[65, 66], [65, 68], [75, 76], [75, 80], [77, 78], [77, 80], [80, 81], [80, 83], [83, 84], [83, 86], [89, 90], [89, 92]]}}}, "app/alembic/__init__.py": {"executed_lines": [], "summary": {"covered_lines": 0, "num_statements": 0, "percent_covered": 100.0, "percent_covered_display": "100", "missing_lines": 0, "excluded_lines": 0, "percent_statements_covered": 100.0, "percent_statements_covered_display": "100", "num_branches": 0, "num_partial_branches": 0, "covered_branches": 0, "missing_branches": 0, "percent_branches_covered": 100.0, "percent_branches_covered_display": "100"}, "missing_lines": [], "excluded_lines": [], "executed_branches": [], "missing_branches": [], "functions": {"": {"executed_lines": [], "summary": {"covered_lines": 0, "num_statements": 0, "percent_covered": 100.0, "percent_covered_display": "100", "missing_lines": 0, "excluded_lines": 0, "percent_statements_covered": 100.0, "percent_statements_covered_display": "100", "num_branches": 0, "num_partial_branches": 0, "covered_branches": 0, "missing_branches": 0, "percent_branches_covered": 100.0, "percent_branches_covered_display": "100"}, "missing_lines": [], "excluded_lines": [], "start_line": 1, "executed_branches": [], "missing_branches": []}}, "classes": {"": {"executed_lines": [], "summary": {"covered_lines": 0, "num_statements": 0, "percent_covered": 100.0, "percent_covered_display": "100", "missing_lines": 0, "excluded_lines": 0, "percent_statements_covered": 100.0, "percent_statements_covered_display": "100", "num_branches": 0, "num_partial_branches": 0, "covered_branches": 0, "missing_branches": 0, "percent_branches_covered": 100.0, "percent_branches_covered_display": "100"}, "missing_lines": [], "excluded_lines": [], "start_line": 1, "executed_branches": [], "missing_branches": []}}}, "app/alembic/env.py": {"executed_lines": [], "summary": {"covered_lines": 0, "num_statements": 35, "percent_covered": 0.0, "percent_covered_display": "0", "missing_lines": 35, "excluded_lines": 0, "percent_statements_covered": 0.0, "percent_statements_covered_display": "0", "num_branches": 4, "num_partial_branches": 0, "covered_branches": 0, "missing_branches": 4, "percent_branches_covered": 0.0, "percent_branches_covered_display": "0"}, "missing_lines": [1, 3, 4, 6, 7, 8, 9, 12, 13, 14, 16, 18, 19, 21, 24, 25, 28, 29, 30, 38, 39, 42, 43, 49, 50, 53, 54, 55, 57, 63, 64, 66, 69, 70, 72], "excluded_lines": [], "executed_branches": [], "missing_branches": [[18, 19], [18, 21], [69, 70], [69, 72]], "functions": {"get_database_url": {"executed_lines": [], "summary": {"covered_lines": 0, "num_statements": 1, "percent_covered": 0.0, "percent_covered_display": "0", "missing_lines": 1, "excluded_lines": 0, "percent_statements_covered": 0.0, "percent_statements_covered_display": "0", "num_branches": 0, "num_partial_branches": 0, "covered_branches": 0, "missing_branches": 0, "percent_branches_covered": 100.0, "percent_branches_covered_display": "100"}, "missing_lines": [25], "excluded_lines": [], "start_line": 24, "executed_branches": [], "missing_branches": []}, "run_migrations_offline": {"executed_lines": [], "summary": {"covered_lines": 0, "num_statements": 4, "percent_covered": 0.0, "percent_covered_display": "0", "missing_lines": 4, "excluded_lines": 0, "percent_statements_covered": 0.0, "percent_statements_covered_display": "0", "num_branches": 0, "num_partial_branches": 0, "covered_branches": 0, "missing_branches": 0, "percent_branches_covered": 100.0, "percent_branches_covered_display": "100"}, "missing_lines": [29, 30, 38, 39], "excluded_lines": [], "start_line": 28, "executed_branches": [], "missing_branches": []}, "do_run_migrations": {"executed_lines": [], "summary": {"covered_lines": 0, "num_statements": 3, "percent_covered": 0.0, "percent_covered_display": "0", "missing_lines": 3, "excluded_lines": 0, "percent_statements_covered": 0.0, "percent_statements_covered_display": "0", "num_branches": 0, "num_partial_branches": 0, "covered_branches": 0, "missing_branches": 0, "percent_branches_covered": 100.0, "percent_branches_covered_display": "100"}, "missing_lines": [43, 49, 50], "excluded_lines": [], "start_line": 42, "executed_branches": [], "missing_branches": []}, "run_migrations_online": {"executed_lines": [], "summary": {"covered_lines": 0, "num_statements": 6, "percent_covered": 0.0, "percent_covered_display": "0", "missing_lines": 6, "excluded_lines": 0, "percent_statements_covered": 0.0, "percent_statements_covered_display": "0", "num_branches": 0, "num_partial_branches": 0, "covered_branches": 0, "missing_branches": 0, "percent_branches_covered": 100.0, "percent_branches_covered_display": "100"}, "missing_lines": [54, 55, 57, 63, 64, 66], "excluded_lines": [], "start_line": 53, "executed_branches": [], "missing_branches": []}, "": {"executed_lines": [], "summary": {"covered_lines": 0, "num_statements": 21, "percent_covered": 0.0, "percent_covered_display": "0", "missing_lines": 21, "excluded_lines": 0, "percent_statements_covered": 0.0, "percent_statements_covered_display": "0", "num_branches": 4, "num_partial_branches": 0, "covered_branches": 0, "missing_branches": 4, "percent_branches_covered": 0.0, "percent_branches_covered_display": "0"}, "missing_lines": [1, 3, 4, 6, 7, 8, 9, 12, 13, 14, 16, 18, 19, 21, 24, 28, 42, 53, 69, 70, 72], "excluded_lines": [], "start_line": 1, "executed_branches": [], "missing_branches": [[18, 19], [18, 21], [69, 70], [69, 72]]}}, "classes": {"": {"executed_lines": [], "summary": {"covered_lines": 0, "num_statements": 35, "percent_covered": 0.0, "percent_covered_display": "0", "missing_lines": 35, "excluded_lines": 0, "percent_statements_covered": 0.0, "percent_statements_covered_display": "0", "num_branches": 4, "num_partial_branches": 0, "covered_branches": 0, "missing_branches": 4, "percent_branches_covered": 0.0, "percent_branches_covered_display": "0"}, "missing_lines": [1, 3, 4, 6, 7, 8, 9, 12, 13, 14, 16, 18, 19, 21, 24, 25, 28, 29, 30, 38, 39, 42, 43, 49, 50, 53, 54, 55, 57, 63, 64, 66, 69, 70, 72], "excluded_lines": [], "start_line": 1, "executed_branches": [], "missing_branches": [[18, 19], [18, 21], [69, 70], [69, 72]]}}}, "app/auth.py": {"executed_lines": [1, 3, 4, 5, 7, 8, 9, 10, 12, 13, 14, 16, 19, 21, 22, 23, 24, 25, 28, 29, 32, 33, 36, 37, 40, 41, 44, 75, 76], "summary": {"covered_lines": 29, "num_statements": 48, "percent_covered": 48.333333333333336, "percent_covered_display": "48", "missing_lines": 19, "excluded_lines": 0, "percent_statements_covered": 60.416666666666664, "percent_statements_covered_display": "60", "num_branches": 12, "num_partial_branches": 0, "covered_branches": 0, "missing_branches": 12, "percent_branches_covered": 0.0, "percent_branches_covered_display": "0"}, "missing_lines": [45, 46, 47, 48, 49, 51, 52, 54, 60, 61, 62, 63, 64, 66, 67, 68, 69, 70, 72], "excluded_lines": [], "executed_branches": [], "missing_branches": [[46, 47], [46, 51], [47, 48], [47, 49], [61, 62], [61, 66], [62, 63], [62, 64], [67, 68], [67, 72], [68, 69], [68, 70]], "functions": {"_hash_token": {"executed_lines": [21, 22, 23, 24, 25], "summary": {"covered_lines": 5, "num_statements": 5, "percent_covered": 100.0, "percent_covered_display": "100", "missing_lines": 0, "excluded_lines": 0, "percent_statements_covered": 100.0, "percent_statements_covered_display": "100", "num_branches": 0, "num_partial_branches": 0, "covered_branches": 0, "missing_branches": 0, "percent_branches_covered": 100.0, "percent_branches_covered_display": "100"}, "missing_lines": [], "excluded_lines": [], "start_line": 19, "executed_branches": [], "missing_branches": []}, "new_token": {"executed_lines": [29], "summary": {"covered_lines": 1, "num_statements": 1, "percent_covered": 100.0, "percent_covered_display": "100", "missing_lines": 0, "excluded_lines": 0, "percent_statements_covered": 100.0, "percent_statements_covered_display": "100", "num_branches": 0, "num_partial_branches": 0, "covered_branches": 0, "missing_branches": 0, "percent_branches_covered": 100.0, "percent_branches_covered_display": "100"}, "missing_lines": [], "excluded_lines": [], "start_line": 28, "executed_branches": [], "missing_branches": []}, "utcnow": {"executed_lines": [33], "summary": {"covered_lines": 1, "num_statements": 1, "percent_covered": 100.0, "percent_covered_display": "100", "missing_lines": 0, "excluded_lines": 0, "percent_statements_covered": 100.0, "percent_statements_covered_display": "100", "num_branches": 0, "num_partial_branches": 0, "covered_branches": 0, "missing_branches": 0, "percent_branches_covered": 100.0, "percent_branches_covered_display": "100"}, "missing_lines": [], "excluded_lines": [], "start_line": 32, "executed_branches": [], "missing_branches": []}, "magic_link_expires_at": {"executed_lines": [37], "summary": {"covered_lines": 1, "num_statements": 1, "percent_covered": 100.0, "percent_covered_display": "100", "missing_lines": 0, "excluded_lines": 0, "percent_statements_covered": 100.0, "percent_statements_covered_display": "100", "num_branches": 0, "num_partial_branches": 0, "covered_branches": 0, "missing_branches": 0, "percent_branches_covered": 100.0, "percent_branches_covered_display": "100"}, "missing_lines": [], "excluded_lines": [], "start_line": 36, "executed_branches": [], "missing_branches": []}, "session_expires_at": {"executed_lines": [41], "summary": {"covered_lines": 1, "num_statements": 1, "percent_covered": 100.0, "percent_covered_display": "100", "missing_lines": 0, "excluded_lines": 0, "percent_statements_covered": 100.0, "percent_statements_covered_display": "100", "num_branches": 0, "num_partial_branches": 0, "covered_branches": 0, "missing_branches": 0, "percent_branches_covered": 100.0, "percent_branches_covered_display": "100"}, "missing_lines": [], "excluded_lines": [], "start_line": 40, "executed_branches": [], "missing_branches": []}, "get_current_caregiver": {"executed_lines": [], "summary": {"covered_lines": 0, "num_statements": 19, "percent_covered": 0.0, "percent_covered_display": "0", "missing_lines": 19, "excluded_lines": 0, "percent_statements_covered": 0.0, "percent_statements_covered_display": "0", "num_branches": 12, "num_partial_branches": 0, "covered_branches": 0, "missing_branches": 12, "percent_branches_covered": 0.0, "percent_branches_covered_display": "0"}, "missing_lines": [45, 46, 47, 48, 49, 51, 52, 54, 60, 61, 62, 63, 64, 66, 67, 68, 69, 70, 72], "excluded_lines": [], "start_line": 44, "executed_branches": [], "missing_branches": [[46, 47], [46, 51], [47, 48], [47, 49], [61, 62], [61, 66], [62, 63], [62, 64], [67, 68], [67, 72], [68, 69], [68, 70]]}, "hash_token": {"executed_lines": [76], "summary": {"covered_lines": 1, "num_statements": 1, "percent_covered": 100.0, "percent_covered_display": "100", "missing_lines": 0, "excluded_lines": 0, "percent_statements_covered": 100.0, "percent_statements_covered_display": "100", "num_branches": 0, "num_partial_branches": 0, "covered_branches": 0, "missing_branches": 0, "percent_branches_covered": 100.0, "percent_branches_covered_display": "100"}, "missing_lines": [], "excluded_lines": [], "start_line": 75, "executed_branches": [], "missing_branches": []}, "": {"executed_lines": [1, 3, 4, 5, 7, 8, 9, 10, 12, 13, 14, 16, 19, 28, 32, 36, 40, 44, 75], "summary": {"covered_lines": 19, "num_statements": 19, "percent_covered": 100.0, "percent_covered_display": "100", "missing_lines": 0, "excluded_lines": 0, "percent_statements_covered": 100.0, "percent_statements_covered_display": "100", "num_branches": 0, "num_partial_branches": 0, "covered_branches": 0, "missing_branches": 0, "percent_branches_covered": 100.0, "percent_branches_covered_display": "100"}, "missing_lines": [], "excluded_lines": [], "start_line": 1, "executed_branches": [], "missing_branches": []}}, "classes": {"": {"executed_lines": [1, 3, 4, 5, 7, 8, 9, 10, 12, 13, 14, 16, 19, 21, 22, 23, 24, 25, 28, 29, 32, 33, 36, 37, 40, 41, 44, 75, 76], "summary": {"covered_lines": 29, "num_statements": 48, "percent_covered": 48.333333333333336, "percent_covered_display": "48", "missing_lines": 19, "excluded_lines": 0, "percent_statements_covered": 60.416666666666664, "percent_statements_covered_display": "60", "num_branches": 12, "num_partial_branches": 0, "covered_branches": 0, "missing_branches": 12, "percent_branches_covered": 0.0, "percent_branches_covered_display": "0"}, "missing_lines": [45, 46, 47, 48, 49, 51, 52, 54, 60, 61, 62, 63, 64, 66, 67, 68, 69, 70, 72], "excluded_lines": [], "start_line": 1, "executed_branches": [], "missing_branches": [[46, 47], [46, 51], [47, 48], [47, 49], [61, 62], [61, 66], [62, 63], [62, 64], [67, 68], [67, 72], [68, 69], [68, 70]]}}}, "app/config.py": {"executed_lines": [1, 4, 9, 12, 15, 20, 21, 27, 28, 29, 32, 33, 34, 37, 39, 40, 43, 44, 45, 46, 47, 48, 49, 52, 53, 56, 57, 58, 59, 60, 61, 62, 65, 66, 67, 70, 74, 75, 77, 79, 81, 82, 88, 89, 91, 93, 96], "summary": {"covered_lines": 47, "num_statements": 49, "percent_covered": 95.91836734693878, "percent_covered_display": "96", "missing_lines": 2, "excluded_lines": 0, "percent_statements_covered": 95.91836734693878, "percent_statements_covered_display": "96", "num_branches": 0, "num_partial_branches": 0, "covered_branches": 0, "missing_branches": 0, "percent_branches_covered": 100.0, "percent_branches_covered_display": "100"}, "missing_lines": [84, 86], "excluded_lines": [], "executed_branches": [], "missing_branches": [], "functions": {"Settings.otel_endpoint": {"executed_lines": [77, 79], "summary": {"covered_lines": 2, "num_statements": 2, "percent_covered": 100.0, "percent_covered_display": "100", "missing_lines": 0, "excluded_lines": 0, "percent_statements_covered": 100.0, "percent_statements_covered_display": "100", "num_branches": 0, "num_partial_branches": 0, "covered_branches": 0, "missing_branches": 0, "percent_branches_covered": 100.0, "percent_branches_covered_display": "100"}, "missing_lines": [], "excluded_lines": [], "start_line": 75, "executed_branches": [], "missing_branches": []}, "Settings.otel_protocol": {"executed_lines": [], "summary": {"covered_lines": 0, "num_statements": 2, "percent_covered": 0.0, "percent_covered_display": "0", "missing_lines": 2, "excluded_lines": 0, "percent_statements_covered": 0.0, "percent_statements_covered_display": "0", "num_branches": 0, "num_partial_branches": 0, "covered_branches": 0, "missing_branches": 0, "percent_branches_covered": 100.0, "percent_branches_covered_display": "100"}, "missing_lines": [84, 86], "excluded_lines": [], "start_line": 82, "executed_branches": [], "missing_branches": []}, "Settings.otel_service_name": {"executed_lines": [91, 93], "summary": {"covered_lines": 2, "num_statements": 2, "percent_covered": 100.0, "percent_covered_display": "100", "missing_lines": 0, "excluded_lines": 0, "percent_statements_covered": 100.0, "percent_statements_covered_display": "100", "num_branches": 0, "num_partial_branches": 0, "covered_branches": 0, "missing_branches": 0, "percent_branches_covered": 100.0, "percent_branches_covered_display": "100"}, "missing_lines": [], "excluded_lines": [], "start_line": 89, "executed_branches": [], "missing_branches": []}, "": {"executed_lines": [1, 4, 9, 12, 15, 20, 21, 27, 28, 29, 32, 33, 34, 37, 39, 40, 43, 44, 45, 46, 47, 48, 49, 52, 53, 56, 57, 58, 59, 60, 61, 62, 65, 66, 67, 70, 74, 75, 81, 82, 88, 89, 96], "summary": {"covered_lines": 43, "num_statements": 43, "percent_covered": 100.0, "percent_covered_display": "100", "missing_lines": 0, "excluded_lines": 0, "percent_statements_covered": 100.0, "percent_statements_covered_display": "100", "num_branches": 0, "num_partial_branches": 0, "covered_branches": 0, "missing_branches": 0, "percent_branches_covered": 100.0, "percent_branches_covered_display": "100"}, "missing_lines": [], "excluded_lines": [], "start_line": 1, "executed_branches": [], "missing_branches": []}}, "classes": {"Settings": {"executed_lines": [77, 79, 91, 93], "summary": {"covered_lines": 4, "num_statements": 6, "percent_covered": 66.66666666666667, "percent_covered_display": "67", "missing_lines": 2, "excluded_lines": 0, "percent_statements_covered": 66.66666666666667, "percent_statements_covered_display": "67", "num_branches": 0, "num_partial_branches": 0, "covered_branches": 0, "missing_branches": 0, "percent_branches_covered": 100.0, "percent_branches_covered_display": "100"}, "missing_lines": [84, 86], "excluded_lines": [], "start_line": 4, "executed_branches": [], "missing_branches": []}, "": {"executed_lines": [1, 4, 9, 12, 15, 20, 21, 27, 28, 29, 32, 33, 34, 37, 39, 40, 43, 44, 45, 46, 47, 48, 49, 52, 53, 56, 57, 58, 59, 60, 61, 62, 65, 66, 67, 70, 74, 75, 81, 82, 88, 89, 96], "summary": {"covered_lines": 43, "num_statements": 43, "percent_covered": 100.0, "percent_covered_display": "100", "missing_lines": 0, "excluded_lines": 0, "percent_statements_covered": 100.0, "percent_statements_covered_display": "100", "num_branches": 0, "num_partial_branches": 0, "covered_branches": 0, "missing_branches": 0, "percent_branches_covered": 100.0, "percent_branches_covered_display": "100"}, "missing_lines": [], "excluded_lines": [], "start_line": 1, "executed_branches": [], "missing_branches": []}}}, "app/db.py": {"executed_lines": [1, 2, 3, 5, 6, 10, 11, 12, 14, 17, 19, 23, 29, 32, 34, 44, 47, 54, 65, 109, 110], "summary": {"covered_lines": 21, "num_statements": 56, "percent_covered": 35.294117647058826, "percent_covered_display": "35", "missing_lines": 35, "excluded_lines": 0, "percent_statements_covered": 37.5, "percent_statements_covered_display": "38", "num_branches": 12, "num_partial_branches": 1, "covered_branches": 3, "missing_branches": 9, "percent_branches_covered": 25.0, "percent_branches_covered_display": "25"}, "missing_lines": [20, 56, 57, 58, 59, 60, 61, 62, 67, 68, 70, 72, 73, 74, 76, 78, 79, 80, 83, 84, 85, 93, 96, 104, 106, 112, 113, 116, 117, 118, 119, 120, 121, 123, 124], "excluded_lines": [], "executed_branches": [[19, 23], [23, -17], [23, 29]], "missing_branches": [[19, 20], [76, 78], [76, 106], [79, 80], [79, 83], [83, 84], [83, 96], [116, 117], [116, 123]], "functions": {"_configure_sqlalchemy_logging": {"executed_lines": [19, 23, 29], "summary": {"covered_lines": 3, "num_statements": 4, "percent_covered": 75.0, "percent_covered_display": "75", "missing_lines": 1, "excluded_lines": 0, "percent_statements_covered": 75.0, "percent_statements_covered_display": "75", "num_branches": 4, "num_partial_branches": 1, "covered_branches": 3, "missing_branches": 1, "percent_branches_covered": 75.0, "percent_branches_covered_display": "75"}, "missing_lines": [20], "excluded_lines": [], "start_line": 17, "executed_branches": [[19, 23], [23, -17], [23, 29]], "missing_branches": [[19, 20]]}, "get_db_session": {"executed_lines": [], "summary": {"covered_lines": 0, "num_statements": 7, "percent_covered": 0.0, "percent_covered_display": "0", "missing_lines": 7, "excluded_lines": 0, "percent_statements_covered": 0.0, "percent_statements_covered_display": "0", "num_branches": 0, "num_partial_branches": 0, "covered_branches": 0, "missing_branches": 0, "percent_branches_covered": 100.0, "percent_branches_covered_display": "100"}, "missing_lines": [56, 57, 58, 59, 60, 61, 62], "excluded_lines": [], "start_line": 54, "executed_branches": [], "missing_branches": []}, "ensure_blocks_exist": {"executed_lines": [], "summary": {"covered_lines": 0, "num_statements": 17, "percent_covered": 0.0, "percent_covered_display": "0", "missing_lines": 17, "excluded_lines": 0, "percent_statements_covered": 0.0, "percent_statements_covered_display": "0", "num_branches": 6, "num_partial_branches": 0, "covered_branches": 0, "missing_branches": 6, "percent_branches_covered": 0.0, "percent_branches_covered_display": "0"}, "missing_lines": [67, 68, 70, 72, 73, 74, 76, 78, 79, 80, 83, 84, 85, 93, 96, 104, 106], "excluded_lines": [], "start_line": 65, "executed_branches": [], "missing_branches": [[76, 78], [76, 106], [79, 80], [79, 83], [83, 84], [83, 96]]}, "lifespan_db": {"executed_lines": [], "summary": {"covered_lines": 0, "num_statements": 10, "percent_covered": 0.0, "percent_covered_display": "0", "missing_lines": 10, "excluded_lines": 0, "percent_statements_covered": 0.0, "percent_statements_covered_display": "0", "num_branches": 2, "num_partial_branches": 0, "covered_branches": 0, "missing_branches": 2, "percent_branches_covered": 0.0, "percent_branches_covered_display": "0"}, "missing_lines": [112, 113, 116, 117, 118, 119, 120, 121, 123, 124], "excluded_lines": [], "start_line": 110, "executed_branches": [], "missing_branches": [[116, 117], [116, 123]]}, "": {"executed_lines": [1, 2, 3, 5, 6, 10, 11, 12, 14, 17, 32, 34, 44, 47, 54, 65, 109, 110], "summary": {"covered_lines": 18, "num_statements": 18, "percent_covered": 100.0, "percent_covered_display": "100", "missing_lines": 0, "excluded_lines": 0, "percent_statements_covered": 100.0, "percent_statements_covered_display": "100", "num_branches": 0, "num_partial_branches": 0, "covered_branches": 0, "missing_branches": 0, "percent_branches_covered": 100.0, "percent_branches_covered_display": "100"}, "missing_lines": [], "excluded_lines": [], "start_line": 1, "executed_branches": [], "missing_branches": []}}, "classes": {"": {"executed_lines": [1, 2, 3, 5, 6, 10, 11, 12, 14, 17, 19, 23, 29, 32, 34, 44, 47, 54, 65, 109, 110], "summary": {"covered_lines": 21, "num_statements": 56, "percent_covered": 35.294117647058826, "percent_covered_display": "35", "missing_lines": 35, "excluded_lines": 0, "percent_statements_covered": 37.5, "percent_statements_covered_display": "38", "num_branches": 12, "num_partial_branches": 1, "covered_branches": 3, "missing_branches": 9, "percent_branches_covered": 25.0, "percent_branches_covered_display": "25"}, "missing_lines": [20, 56, 57, 58, 59, 60, 61, 62, 67, 68, 70, 72, 73, 74, 76, 78, 79, 80, 83, 84, 85, 93, 96, 104, 106, 112, 113, 116, 117, 118, 119, 120, 121, 123, 124], "excluded_lines": [], "start_line": 1, "executed_branches": [[19, 23], [23, -17], [23, 29]], "missing_branches": [[19, 20], [76, 78], [76, 106], [79, 80], [79, 83], [83, 84], [83, 96], [116, 117], [116, 123]]}}}, "app/logging.py": {"executed_lines": [], "summary": {"covered_lines": 0, "num_statements": 24, "percent_covered": 0.0, "percent_covered_display": "0", "missing_lines": 24, "excluded_lines": 0, "percent_statements_covered": 0.0, "percent_statements_covered_display": "0", "num_branches": 8, "num_partial_branches": 0, "covered_branches": 0, "missing_branches": 8, "percent_branches_covered": 0.0, "percent_branches_covered_display": "0"}, "missing_lines": [7, 8, 10, 11, 13, 16, 33, 36, 37, 39, 42, 63, 66, 67, 68, 69, 70, 71, 73, 76, 109, 112, 113, 123], "excluded_lines": [], "executed_branches": [], "missing_branches": [[36, 37], [36, 39], [66, 67], [66, 73], [68, 69], [68, 73], [112, 113], [112, 123]], "functions": {"get_logger": {"executed_lines": [], "summary": {"covered_lines": 0, "num_statements": 4, "percent_covered": 0.0, "percent_covered_display": "0", "missing_lines": 4, "excluded_lines": 0, "percent_statements_covered": 0.0, "percent_statements_covered_display": "0", "num_branches": 2, "num_partial_branches": 0, "covered_branches": 0, "missing_branches": 2, "percent_branches_covered": 0.0, "percent_branches_covered_display": "0"}, "missing_lines": [33, 36, 37, 39], "excluded_lines": [], "start_line": 16, "executed_branches": [], "missing_branches": [[36, 37], [36, 39]]}, "log_with_trace": {"executed_lines": [], "summary": {"covered_lines": 0, "num_statements": 8, "percent_covered": 0.0, "percent_covered_display": "0", "missing_lines": 8, "excluded_lines": 0, "percent_statements_covered": 0.0, "percent_statements_covered_display": "0", "num_branches": 4, "num_partial_branches": 0, "covered_branches": 0, "missing_branches": 4, "percent_branches_covered": 0.0, "percent_branches_covered_display": "0"}, "missing_lines": [63, 66, 67, 68, 69, 70, 71, 73], "excluded_lines": [], "start_line": 42, "executed_branches": [], "missing_branches": [[66, 67], [66, 73], [68, 69], [68, 73]]}, "log_request_event": {"executed_lines": [], "summary": {"covered_lines": 0, "num_statements": 4, "percent_covered": 0.0, "percent_covered_display": "0", "missing_lines": 4, "excluded_lines": 0, "percent_statements_covered": 0.0, "percent_statements_covered_display": "0", "num_branches": 2, "num_partial_branches": 0, "covered_branches": 0, "missing_branches": 2, "percent_branches_covered": 0.0, "percent_branches_covered_display": "0"}, "missing_lines": [109, 112, 113, 123], "excluded_lines": [], "start_line": 76, "executed_branches": [], "missing_branches": [[112, 113], [112, 123]]}, "": {"executed_lines": [], "summary": {"covered_lines": 0, "num_statements": 8, "percent_covered": 0.0, "percent_covered_display": "0", "missing_lines": 8, "excluded_lines": 0, "percent_statements_covered": 0.0, "percent_statements_covered_display": "0", "num_branches": 0, "num_partial_branches": 0, "covered_branches": 0, "missing_branches": 0, "percent_branches_covered": 100.0, "percent_branches_covered_display": "100"}, "missing_lines": [7, 8, 10, 11, 13, 16, 42, 76], "excluded_lines": [], "start_line": 1, "executed_branches": [], "missing_branches": []}}, "classes": {"": {"executed_lines": [], "summary": {"covered_lines": 0, "num_statements": 24, "percent_covered": 0.0, "percent_covered_display": "0", "missing_lines": 24, "excluded_lines": 0, "percent_statements_covered": 0.0, "percent_statements_covered_display": "0", "num_branches": 8, "num_partial_branches": 0, "covered_branches": 0, "missing_branches": 8, "percent_branches_covered": 0.0, "percent_branches_covered_display": "0"}, "missing_lines": [7, 8, 10, 11, 13, 16, 33, 36, 37, 39, 42, 63, 66, 67, 68, 69, 70, 71, 73, 76, 109, 112, 113, 123], "excluded_lines": [], "start_line": 1, "executed_branches": [], "missing_branches": [[36, 37], [36, 39], [66, 67], [66, 73], [68, 69], [68, 73], [112, 113], [112, 123]]}}}, "app/main.py": {"executed_lines": [1, 2, 3, 5, 6, 7, 8, 9, 10, 11, 12, 13, 14, 16, 17, 18, 19, 20, 21, 22, 23, 24, 25, 26, 30, 31, 32, 33, 34, 37, 39, 42, 54, 55, 61, 68, 133, 134, 137], "summary": {"covered_lines": 39, "num_statements": 44, "percent_covered": 85.41666666666667, "percent_covered_display": "85", "missing_lines": 5, "excluded_lines": 0, "percent_statements_covered": 88.63636363636364, "percent_statements_covered_display": "89", "num_branches": 4, "num_partial_branches": 2, "covered_branches": 2, "missing_branches": 2, "percent_branches_covered": 50.0, "percent_branches_covered_display": "50"}, "missing_lines": [45, 47, 57, 58, 135], "excluded_lines": [], "executed_branches": [[30, 31], [134, 137]], "missing_branches": [[30, 37], [134, 135]], "functions": {"auth_exception_handler": {"executed_lines": [], "summary": {"covered_lines": 0, "num_statements": 2, "percent_covered": 0.0, "percent_covered_display": "0", "missing_lines": 2, "excluded_lines": 0, "percent_statements_covered": 0.0, "percent_statements_covered_display": "0", "num_branches": 0, "num_partial_branches": 0, "covered_branches": 0, "missing_branches": 0, "percent_branches_covered": 100.0, "percent_branches_covered_display": "100"}, "missing_lines": [45, 47], "excluded_lines": [], "start_line": 42, "executed_branches": [], "missing_branches": []}, "lifespan": {"executed_lines": [], "summary": {"covered_lines": 0, "num_statements": 2, "percent_covered": 0.0, "percent_covered_display": "0", "missing_lines": 2, "excluded_lines": 0, "percent_statements_covered": 0.0, "percent_statements_covered_display": "0", "num_branches": 0, "num_partial_branches": 0, "covered_branches": 0, "missing_branches": 0, "percent_branches_covered": 100.0, "percent_branches_covered_display": "100"}, "missing_lines": [57, 58], "excluded_lines": [], "start_line": 55, "executed_branches": [], "missing_branches": []}, "": {"executed_lines": [1, 2, 3, 5, 6, 7, 8, 9, 10, 11, 12, 13, 14, 16, 17, 18, 19, 20, 21, 22, 23, 24, 25, 26, 30, 31, 32, 33, 34, 37, 39, 42, 54, 55, 61, 68, 133, 134, 137], "summary": {"covered_lines": 39, "num_statements": 40, "percent_covered": 93.18181818181819, "percent_covered_display": "93", "missing_lines": 1, "excluded_lines": 0, "percent_statements_covered": 97.5, "percent_statements_covered_display": "98", "num_branches": 4, "num_partial_branches": 2, "covered_branches": 2, "missing_branches": 2, "percent_branches_covered": 50.0, "percent_branches_covered_display": "50"}, "missing_lines": [135], "excluded_lines": [], "start_line": 1, "executed_branches": [[30, 31], [134, 137]], "missing_branches": [[30, 37], [134, 135]]}}, "classes": {"": {"executed_lines": [1, 2, 3, 5, 6, 7, 8, 9, 10, 11, 12, 13, 14, 16, 17, 18, 19, 20, 21, 22, 23, 24, 25, 26, 30, 31, 32, 33, 34, 37, 39, 42, 54, 55, 61, 68, 133, 134, 137], "summary": {"covered_lines": 39, "num_statements": 44, "percent_covered": 85.41666666666667, "percent_covered_display": "85", "missing_lines": 5, "excluded_lines": 0, "percent_statements_covered": 88.63636363636364, "percent_statements_covered_display": "89", "num_branches": 4, "num_partial_branches": 2, "covered_branches": 2, "missing_branches": 2, "percent_branches_covered": 50.0, "percent_branches_covered_display": "50"}, "missing_lines": [45, 47, 57, 58, 135], "excluded_lines": [], "start_line": 1, "executed_branches": [[30, 31], [134, 137]], "missing_branches": [[30, 37], [134, 135]]}}}, "app/middleware/rate_limit.py": {"executed_lines": [7, 8, 9, 11, 12, 14, 16, 20, 23, 50, 97, 101, 107, 108, 110], "summary": {"covered_lines": 15, "num_statements": 61, "percent_covered": 18.51851851851852, "percent_covered_display": "19", "missing_lines": 46, "excluded_lines": 0, "percent_statements_covered": 24.59016393442623, "percent_statements_covered_display": "25", "num_branches": 20, "num_partial_branches": 0, "covered_branches": 0, "missing_branches": 20, "percent_branches_covered": 0.0, "percent_branches_covered_display": "0"}, "missing_lines": [32, 33, 36, 37, 38, 40, 43, 44, 45, 47, 70, 71, 72, 74, 77, 80, 82, 83, 86, 87, 88, 89, 92, 94, 118, 119, 120, 123, 124, 125, 127, 128, 131, 132, 133, 136, 139, 140, 142, 143, 146, 147, 148, 149, 157, 160], "excluded_lines": [], "executed_branches": [], "missing_branches": [[32, 33], [32, 36], [37, 38], [37, 43], [44, 45], [44, 47], [82, 83], [82, 86], [86, 87], [86, 92], [88, 89], [88, 92], [118, 119], [118, 123], [123, 124], [123, 127], [131, 132], [131, 136], [139, 140], [139, 142]], "functions": {"get_client_ip": {"executed_lines": [], "summary": {"covered_lines": 0, "num_statements": 10, "percent_covered": 0.0, "percent_covered_display": "0", "missing_lines": 10, "excluded_lines": 0, "percent_statements_covered": 0.0, "percent_statements_covered_display": "0", "num_branches": 6, "num_partial_branches": 0, "covered_branches": 0, "missing_branches": 6, "percent_branches_covered": 0.0, "percent_branches_covered_display": "0"}, "missing_lines": [32, 33, 36, 37, 38, 40, 43, 44, 45, 47], "excluded_lines": [], "start_line": 23, "executed_branches": [], "missing_branches": [[32, 33], [32, 36], [37, 38], [37, 43], [44, 45], [44, 47]]}, "check_rate_limit": {"executed_lines": [], "summary": {"covered_lines": 0, "num_statements": 14, "percent_covered": 0.0, "percent_covered_display": "0", "missing_lines": 14, "excluded_lines": 0, "percent_statements_covered": 0.0, "percent_statements_covered_display": "0", "num_branches": 6, "num_partial_branches": 0, "covered_branches": 0, "missing_branches": 6, "percent_branches_covered": 0.0, "percent_branches_covered_display": "0"}, "missing_lines": [70, 71, 72, 74, 77, 80, 82, 83, 86, 87, 88, 89, 92, 94], "excluded_lines": [], "start_line": 50, "executed_branches": [], "missing_branches": [[82, 83], [82, 86], [86, 87], [86, 92], [88, 89], [88, 92]]}, "RateLimitMiddleware.__init__": {"executed_lines": [108], "summary": {"covered_lines": 1, "num_statements": 1, "percent_covered": 100.0, "percent_covered_display": "100", "missing_lines": 0, "excluded_lines": 0, "percent_statements_covered": 100.0, "percent_statements_covered_display": "100", "num_branches": 0, "num_partial_branches": 0, "covered_branches": 0, "missing_branches": 0, "percent_branches_covered": 100.0, "percent_branches_covered_display": "100"}, "missing_lines": [], "excluded_lines": [], "start_line": 107, "executed_branches": [], "missing_branches": []}, "RateLimitMiddleware.__call__": {"executed_lines": [], "summary": {"covered_lines": 0, "num_statements": 22, "percent_covered": 0.0, "percent_covered_display": "0", "missing_lines": 22, "excluded_lines": 0, "percent_statements_covered": 0.0, "percent_statements_covered_display": "0", "num_branches": 8, "num_partial_branches": 0, "covered_branches": 0, "missing_branches": 8, "percent_branches_covered": 0.0, "percent_branches_covered_display": "0"}, "missing_lines": [118, 119, 120, 123, 124, 125, 127, 128, 131, 132, 133, 136, 139, 140, 142, 143, 146, 147, 148, 149, 157, 160], "excluded_lines": [], "start_line": 110, "executed_branches": [], "missing_branches": [[118, 119], [118, 123], [123, 124], [123, 127], [131, 132], [131, 136], [139, 140], [139, 142]]}, "": {"executed_lines": [7, 8, 9, 11, 12, 14, 16, 20, 23, 50, 97, 101, 107, 110], "summary": {"covered_lines": 14, "num_statements": 14, "percent_covered": 100.0, "percent_covered_display": "100", "missing_lines": 0, "excluded_lines": 0, "percent_statements_covered": 100.0, "percent_statements_covered_display": "100", "num_branches": 0, "num_partial_branches": 0, "covered_branches": 0, "missing_branches": 0, "percent_branches_covered": 100.0, "percent_branches_covered_display": "100"}, "missing_lines": [], "excluded_lines": [], "start_line": 1, "executed_branches": [], "missing_branches": []}}, "classes": {"RateLimitMiddleware": {"executed_lines": [108], "summary": {"covered_lines": 1, "num_statements": 23, "percent_covered": 3.225806451612903, "percent_covered_display": "3", "missing_lines": 22, "excluded_lines": 0, "percent_statements_covered": 4.3478260869565215, "percent_statements_covered_display": "4", "num_branches": 8, "num_partial_branches": 0, "covered_branches": 0, "missing_branches": 8, "percent_branches_covered": 0.0, "percent_branches_covered_display": "0"}, "missing_lines": [118, 119, 120, 123, 124, 125, 127, 128, 131, 132, 133, 136, 139, 140, 142, 143, 146, 147, 148, 149, 157, 160], "excluded_lines": [], "start_line": 97, "executed_branches": [], "missing_branches": [[118, 119], [118, 123], [123, 124], [123, 127], [131, 132], [131, 136], [139, 140], [139, 142]]}, "": {"executed_lines": [7, 8, 9, 11, 12, 14, 16, 20, 23, 50, 97, 101, 107, 110], "summary": {"covered_lines": 14, "num_statements": 38, "percent_covered": 28.0, "percent_covered_display": "28", "missing_lines": 24, "excluded_lines": 0, "percent_statements_covered": 36.8421052631579, "percent_statements_covered_display": "37", "num_branches": 12, "num_partial_branches": 0, "covered_branches": 0, "missing_branches": 12, "percent_branches_covered": 0.0, "percent_branches_covered_display": "0"}, "missing_lines": [32, 33, 36, 37, 38, 40, 43, 44, 45, 47, 70, 71, 72, 74, 77, 80, 82, 83, 86, 87, 88, 89, 92, 94], "excluded_lines": [], "start_line": 1, "executed_branches": [], "missing_branches": [[32, 33], [32, 36], [37, 38], [37, 43], [44, 45], [44, 47], [82, 83], [82, 86], [86, 87], [86, 92], [88, 89], [88, 92]]}}}, "app/middleware/trace_sanitizer.py": {"executed_lines": [12, 15, 28, 41, 54, 63, 64, 67, 76, 77, 80, 89, 90, 93, 102, 103, 105, 106, 108, 109, 110, 111, 112, 113, 115, 119, 122, 131, 133, 135, 136, 139, 140, 141, 144], "summary": {"covered_lines": 35, "num_statements": 37, "percent_covered": 92.45283018867924, "percent_covered_display": "92", "missing_lines": 2, "excluded_lines": 0, "percent_statements_covered": 94.5945945945946, "percent_statements_covered_display": "95", "num_branches": 16, "num_partial_branches": 2, "covered_branches": 14, "missing_branches": 2, "percent_branches_covered": 87.5, "percent_branches_covered_display": "88"}, "missing_lines": [117, 142], "excluded_lines": [], "executed_branches": [[102, 103], [102, 105], [109, 110], [109, 119], [110, 111], [112, 113], [112, 115], [133, 135], [133, 144], [135, 136], [135, 139], [139, 140], [139, 141], [141, 133]], "missing_branches": [[110, 117], [141, 142]], "functions": {"is_sensitive_header": {"executed_lines": [63, 64], "summary": {"covered_lines": 2, "num_statements": 2, "percent_covered": 100.0, "percent_covered_display": "100", "missing_lines": 0, "excluded_lines": 0, "percent_statements_covered": 100.0, "percent_statements_covered_display": "100", "num_branches": 0, "num_partial_branches": 0, "covered_branches": 0, "missing_branches": 0, "percent_branches_covered": 100.0, "percent_branches_covered_display": "100"}, "missing_lines": [], "excluded_lines": [], "start_line": 54, "executed_branches": [], "missing_branches": []}, "is_sensitive_query_param": {"executed_lines": [76, 77], "summary": {"covered_lines": 2, "num_statements": 2, "percent_covered": 100.0, "percent_covered_display": "100", "missing_lines": 0, "excluded_lines": 0, "percent_statements_covered": 100.0, "percent_statements_covered_display": "100", "num_branches": 0, "num_partial_branches": 0, "covered_branches": 0, "missing_branches": 0, "percent_branches_covered": 100.0, "percent_branches_covered_display": "100"}, "missing_lines": [], "excluded_lines": [], "start_line": 67, "executed_branches": [], "missing_branches": []}, "is_sensitive_field": {"executed_lines": [89, 90], "summary": {"covered_lines": 2, "num_statements": 2, "percent_covered": 100.0, "percent_covered_display": "100", "missing_lines": 0, "excluded_lines": 0, "percent_statements_covered": 100.0, "percent_statements_covered_display": "100", "num_branches": 0, "num_partial_branches": 0, "covered_branches": 0, "missing_branches": 0, "percent_branches_covered": 100.0, "percent_branches_covered_display": "100"}, "missing_lines": [], "excluded_lines": [], "start_line": 80, "executed_branches": [], "missing_branches": []}, "redact_url": {"executed_lines": [102, 103, 105, 106, 108, 109, 110, 111, 112, 113, 115, 119], "summary": {"covered_lines": 12, "num_statements": 13, "percent_covered": 90.47619047619048, "percent_covered_display": "90", "missing_lines": 1, "excluded_lines": 0, "percent_statements_covered": 92.3076923076923, "percent_statements_covered_display": "92", "num_branches": 8, "num_partial_branches": 1, "covered_branches": 7, "missing_branches": 1, "percent_branches_covered": 87.5, "percent_branches_covered_display": "88"}, "missing_lines": [117], "excluded_lines": [], "start_line": 93, "executed_branches": [[102, 103], [102, 105], [109, 110], [109, 119], [110, 111], [112, 113], [112, 115]], "missing_branches": [[110, 117]]}, "sanitize_log_attributes": {"executed_lines": [131, 133, 135, 136, 139, 140, 141, 144], "summary": {"covered_lines": 8, "num_statements": 9, "percent_covered": 88.23529411764706, "percent_covered_display": "88", "missing_lines": 1, "excluded_lines": 0, "percent_statements_covered": 88.88888888888889, "percent_statements_covered_display": "89", "num_branches": 8, "num_partial_branches": 1, "covered_branches": 7, "missing_branches": 1, "percent_branches_covered": 87.5, "percent_branches_covered_display": "88"}, "missing_lines": [142], "excluded_lines": [], "start_line": 122, "executed_branches": [[133, 135], [133, 144], [135, 136], [135, 139], [139, 140], [139, 141], [141, 133]], "missing_branches": [[141, 142]]}, "": {"executed_lines": [12, 15, 28, 41, 54, 67, 80, 93, 122], "summary": {"covered_lines": 9, "num_statements": 9, "percent_covered": 100.0, "percent_covered_display": "100", "missing_lines": 0, "excluded_lines": 0, "percent_statements_covered": 100.0, "percent_statements_covered_display": "100", "num_branches": 0, "num_partial_branches": 0, "covered_branches": 0, "missing_branches": 0, "percent_branches_covered": 100.0, "percent_branches_covered_display": "100"}, "missing_lines": [], "excluded_lines": [], "start_line": 1, "executed_branches": [], "missing_branches": []}}, "classes": {"": {"executed_lines": [12, 15, 28, 41, 54, 63, 64, 67, 76, 77, 80, 89, 90, 93, 102, 103, 105, 106, 108, 109, 110, 111, 112, 113, 115, 119, 122, 131, 133, 135, 136, 139, 140, 141, 144], "summary": {"covered_lines": 35, "num_statements": 37, "percent_covered": 92.45283018867924, "percent_covered_display": "92", "missing_lines": 2, "excluded_lines": 0, "percent_statements_covered": 94.5945945945946, "percent_statements_covered_display": "95", "num_branches": 16, "num_partial_branches": 2, "covered_branches": 14, "missing_branches": 2, "percent_branches_covered": 87.5, "percent_branches_covered_display": "88"}, "missing_lines": [117, 142], "excluded_lines": [], "start_line": 1, "executed_branches": [[102, 103], [102, 105], [109, 110], [109, 119], [110, 111], [112, 113], [112, 115], [133, 135], [133, 144], [135, 136], [135, 139], [139, 140], [139, 141], [141, 133]], "missing_branches": [[110, 117], [141, 142]]}}}, "app/models/__init__.py": {"executed_lines": [1, 2, 3, 4, 5, 6, 7, 8, 9, 10, 11, 12, 13, 14, 15, 16, 18], "summary": {"covered_lines": 17, "num_statements": 17, "percent_covered": 100.0, "percent_covered_display": "100", "missing_lines": 0, "excluded_lines": 0, "percent_statements_covered": 100.0, "percent_statements_covered_display": "100", "num_branches": 0, "num_partial_branches": 0, "covered_branches": 0, "missing_branches": 0, "percent_branches_covered": 100.0, "percent_branches_covered_display": "100"}, "missing_lines": [], "excluded_lines": [], "executed_branches": [], "missing_branches": [], "functions": {"": {"executed_lines": [1, 2, 3, 4, 5, 6, 7, 8, 9, 10, 11, 12, 13, 14, 15, 16, 18], "summary": {"covered_lines": 17, "num_statements": 17, "percent_covered": 100.0, "percent_covered_display": "100", "missing_lines": 0, "excluded_lines": 0, "percent_statements_covered": 100.0, "percent_statements_covered_display": "100", "num_branches": 0, "num_partial_branches": 0, "covered_branches": 0, "missing_branches": 0, "percent_branches_covered": 100.0, "percent_branches_covered_display": "100"}, "missing_lines": [], "excluded_lines": [], "start_line": 1, "executed_branches": [], "missing_branches": []}}, "classes": {"": {"executed_lines": [1, 2, 3, 4, 5, 6, 7, 8, 9, 10, 11, 12, 13, 14, 15, 16, 18], "summary": {"covered_lines": 17, "num_statements": 17, "percent_covered": 100.0, "percent_covered_display": "100", "missing_lines": 0, "excluded_lines": 0, "percent_statements_covered": 100.0, "percent_statements_covered_display": "100", "num_branches": 0, "num_partial_branches": 0, "covered_branches": 0, "missing_branches": 0, "percent_branches_covered": 100.0, "percent_branches_covered_display": "100"}, "missing_lines": [], "excluded_lines": [], "start_line": 1, "executed_branches": [], "missing_branches": []}}}, "app/models/attendance.py": {"executed_lines": [1, 3, 4, 6, 7, 8, 10, 17, 20, 23, 24, 31, 37, 44, 45, 47, 48], "summary": {"covered_lines": 17, "num_statements": 17, "percent_covered": 100.0, "percent_covered_display": "100", "missing_lines": 0, "excluded_lines": 3, "percent_statements_covered": 100.0, "percent_statements_covered_display": "100", "num_branches": 0, "num_partial_branches": 0, "covered_branches": 0, "missing_branches": 0, "percent_branches_covered": 100.0, "percent_branches_covered_display": "100"}, "missing_lines": [], "excluded_lines": [12, 13, 14], "executed_branches": [], "missing_branches": [], "functions": {"": {"executed_lines": [1, 3, 4, 6, 7, 8, 10, 17, 20, 23, 24, 31, 37, 44, 45, 47, 48], "summary": {"covered_lines": 17, "num_statements": 17, "percent_covered": 100.0, "percent_covered_display": "100", "missing_lines": 0, "excluded_lines": 3, "percent_statements_covered": 100.0, "percent_statements_covered_display": "100", "num_branches": 0, "num_partial_branches": 0, "covered_branches": 0, "missing_branches": 0, "percent_branches_covered": 100.0, "percent_branches_covered_display": "100"}, "missing_lines": [], "excluded_lines": [12, 13, 14], "start_line": 1, "executed_branches": [], "missing_branches": []}}, "classes": {"AttendanceRecord": {"executed_lines": [], "summary": {"covered_lines": 0, "num_statements": 0, "percent_covered": 100.0, "percent_covered_display": "100", "missing_lines": 0, "excluded_lines": 0, "percent_statements_covered": 100.0, "percent_statements_covered_display": "100", "num_branches": 0, "num_partial_branches": 0, "covered_branches": 0, "missing_branches": 0, "percent_branches_covered": 100.0, "percent_branches_covered_display": "100"}, "missing_lines": [], "excluded_lines": [], "start_line": 20, "executed_branches": [], "missing_branches": []}, "": {"executed_lines": [1, 3, 4, 6, 7, 8, 10, 17, 20, 23, 24, 31, 37, 44, 45, 47, 48], "summary": {"covered_lines": 17, "num_statements": 17, "percent_covered": 100.0, "percent_covered_display": "100", "missing_lines": 0, "excluded_lines": 3, "percent_statements_covered": 100.0, "percent_statements_covered_display": "100", "num_branches": 0, "num_partial_branches": 0, "covered_branches": 0, "missing_branches": 0, "percent_branches_covered": 100.0, "percent_branches_covered_display": "100"}, "missing_lines": [], "excluded_lines": [12, 13, 14], "start_line": 1, "executed_branches": [], "missing_branches": []}}}, "app/models/attendance_audit.py": {"executed_lines": [1, 3, 4, 6, 7, 8, 10, 13, 19, 21, 27, 34, 36, 37, 39, 40, 42], "summary": {"covered_lines": 17, "num_statements": 17, "percent_covered": 100.0, "percent_covered_display": "100", "missing_lines": 0, "excluded_lines": 0, "percent_statements_covered": 100.0, "percent_statements_covered_display": "100", "num_branches": 0, "num_partial_branches": 0, "covered_branches": 0, "missing_branches": 0, "percent_branches_covered": 100.0, "percent_branches_covered_display": "100"}, "missing_lines": [], "excluded_lines": [], "executed_branches": [], "missing_branches": [], "functions": {"": {"executed_lines": [1, 3, 4, 6, 7, 8, 10, 13, 19, 21, 27, 34, 36, 37, 39, 40, 42], "summary": {"covered_lines": 17, "num_statements": 17, "percent_covered": 100.0, "percent_covered_display": "100", "missing_lines": 0, "excluded_lines": 0, "percent_statements_covered": 100.0, "percent_statements_covered_display": "100", "num_branches": 0, "num_partial_branches": 0, "covered_branches": 0, "missing_branches": 0, "percent_branches_covered": 100.0, "percent_branches_covered_display": "100"}, "missing_lines": [], "excluded_lines": [], "start_line": 1, "executed_branches": [], "missing_branches": []}}, "classes": {"AttendanceAuditLog": {"executed_lines": [], "summary": {"covered_lines": 0, "num_statements": 0, "percent_covered": 100.0, "percent_covered_display": "100", "missing_lines": 0, "excluded_lines": 0, "percent_statements_covered": 100.0, "percent_statements_covered_display": "100", "num_branches": 0, "num_partial_branches": 0, "covered_branches": 0, "missing_branches": 0, "percent_branches_covered": 100.0, "percent_branches_covered_display": "100"}, "missing_lines": [], "excluded_lines": [], "start_line": 13, "executed_branches": [], "missing_branches": []}, "": {"executed_lines": [1, 3, 4, 6, 7, 8, 10, 13, 19, 21, 27, 34, 36, 37, 39, 40, 42], "summary": {"covered_lines": 17, "num_statements": 17, "percent_covered": 100.0, "percent_covered_display": "100", "missing_lines": 0, "excluded_lines": 0, "percent_statements_covered": 100.0, "percent_statements_covered_display": "100", "num_branches": 0, "num_partial_branches": 0, "covered_branches": 0, "missing_branches": 0, "percent_branches_covered": 100.0, "percent_branches_covered_display": "100"}, "missing_lines": [], "excluded_lines": [], "start_line": 1, "executed_branches": [], "missing_branches": []}}}, "app/models/base.py": {"executed_lines": [1, 2, 4, 5, 6, 9, 13, 16, 21, 29, 32], "summary": {"covered_lines": 11, "num_statements": 11, "percent_covered": 100.0, "percent_covered_display": "100", "missing_lines": 0, "excluded_lines": 0, "percent_statements_covered": 100.0, "percent_statements_covered_display": "100", "num_branches": 0, "num_partial_branches": 0, "covered_branches": 0, "missing_branches": 0, "percent_branches_covered": 100.0, "percent_branches_covered_display": "100"}, "missing_lines": [], "excluded_lines": [], "executed_branches": [], "missing_branches": [], "functions": {"": {"executed_lines": [1, 2, 4, 5, 6, 9, 13, 16, 21, 29, 32], "summary": {"covered_lines": 11, "num_statements": 11, "percent_covered": 100.0, "percent_covered_display": "100", "missing_lines": 0, "excluded_lines": 0, "percent_statements_covered": 100.0, "percent_statements_covered_display": "100", "num_branches": 0, "num_partial_branches": 0, "covered_branches": 0, "missing_branches": 0, "percent_branches_covered": 100.0, "percent_branches_covered_display": "100"}, "missing_lines": [], "excluded_lines": [], "start_line": 1, "executed_branches": [], "missing_branches": []}}, "classes": {"Base": {"executed_lines": [], "summary": {"covered_lines": 0, "num_statements": 0, "percent_covered": 100.0, "percent_covered_display": "100", "missing_lines": 0, "excluded_lines": 0, "percent_statements_covered": 100.0, "percent_statements_covered_display": "100", "num_branches": 0, "num_partial_branches": 0, "covered_branches": 0, "missing_branches": 0, "percent_branches_covered": 100.0, "percent_branches_covered_display": "100"}, "missing_lines": [], "excluded_lines": [], "start_line": 9, "executed_branches": [], "missing_branches": []}, "TimestampMixin": {"executed_lines": [], "summary": {"covered_lines": 0, "num_statements": 0, "percent_covered": 100.0, "percent_covered_display": "100", "missing_lines": 0, "excluded_lines": 0, "percent_statements_covered": 100.0, "percent_statements_covered_display": "100", "num_branches": 0, "num_partial_branches": 0, "covered_branches": 0, "missing_branches": 0, "percent_branches_covered": 100.0, "percent_branches_covered_display": "100"}, "missing_lines": [], "excluded_lines": [], "start_line": 13, "executed_branches": [], "missing_branches": []}, "UUIDPrimaryKey": {"executed_lines": [], "summary": {"covered_lines": 0, "num_statements": 0, "percent_covered": 100.0, "percent_covered_display": "100", "missing_lines": 0, "excluded_lines": 0, "percent_statements_covered": 100.0, "percent_statements_covered_display": "100", "num_branches": 0, "num_partial_branches": 0, "covered_branches": 0, "missing_branches": 0, "percent_branches_covered": 100.0, "percent_branches_covered_display": "100"}, "missing_lines": [], "excluded_lines": [], "start_line": 29, "executed_branches": [], "missing_branches": []}, "": {"executed_lines": [1, 2, 4, 5, 6, 9, 13, 16, 21, 29, 32], "summary": {"covered_lines": 11, "num_statements": 11, "percent_covered": 100.0, "percent_covered_display": "100", "missing_lines": 0, "excluded_lines": 0, "percent_statements_covered": 100.0, "percent_statements_covered_display": "100", "num_branches": 0, "num_partial_branches": 0, "covered_branches": 0, "missing_branches": 0, "percent_branches_covered": 100.0, "percent_branches_covered_display": "100"}, "missing_lines": [], "excluded_lines": [], "start_line": 1, "executed_branches": [], "missing_branches": []}}}, "app/models/caregiver.py": {"executed_lines": [1, 3, 4, 6, 7, 9, 16, 19, 21, 22, 23, 24, 25, 26, 29, 30], "summary": {"covered_lines": 16, "num_statements": 16, "percent_covered": 100.0, "percent_covered_display": "100", "missing_lines": 0, "excluded_lines": 3, "percent_statements_covered": 100.0, "percent_statements_covered_display": "100", "num_branches": 0, "num_partial_branches": 0, "covered_branches": 0, "missing_branches": 0, "percent_branches_covered": 100.0, "percent_branches_covered_display": "100"}, "missing_lines": [], "excluded_lines": [11, 12, 13], "executed_branches": [], "missing_branches": [], "functions": {"": {"executed_lines": [1, 3, 4, 6, 7, 9, 16, 19, 21, 22, 23, 24, 25, 26, 29, 30], "summary": {"covered_lines": 16, "num_statements": 16, "percent_covered": 100.0, "percent_covered_display": "100", "missing_lines": 0, "excluded_lines": 3, "percent_statements_covered": 100.0, "percent_statements_covered_display": "100", "num_branches": 0, "num_partial_branches": 0, "covered_branches": 0, "missing_branches": 0, "percent_branches_covered": 100.0, "percent_branches_covered_display": "100"}, "missing_lines": [], "excluded_lines": [11, 12, 13], "start_line": 1, "executed_branches": [], "missing_branches": []}}, "classes": {"Caregiver": {"executed_lines": [], "summary": {"covered_lines": 0, "num_statements": 0, "percent_covered": 100.0, "percent_covered_display": "100", "missing_lines": 0, "excluded_lines": 0, "percent_statements_covered": 100.0, "percent_statements_covered_display": "100", "num_branches": 0, "num_partial_branches": 0, "covered_branches": 0, "missing_branches": 0, "percent_branches_covered": 100.0, "percent_branches_covered_display": "100"}, "missing_lines": [], "excluded_lines": [], "start_line": 16, "executed_branches": [], "missing_branches": []}, "": {"executed_lines": [1, 3, 4, 6, 7, 9, 16, 19, 21, 22, 23, 24, 25, 26, 29, 30], "summary": {"covered_lines": 16, "num_statements": 16, "percent_covered": 100.0, "percent_covered_display": "100", "missing_lines": 0, "excluded_lines": 3, "percent_statements_covered": 100.0, "percent_statements_covered_display": "100", "num_branches": 0, "num_partial_branches": 0, "covered_branches": 0, "missing_branches": 0, "percent_branches_covered": 100.0, "percent_branches_covered_display": "100"}, "missing_lines": [], "excluded_lines": [11, 12, 13], "start_line": 1, "executed_branches": [], "missing_branches": []}}}, "app/models/caregiver_auth.py": {"executed_lines": [1, 3, 4, 5, 7, 8, 9, 11, 17, 20, 22, 23, 24, 25, 27, 30, 33, 35, 36, 37, 38, 39, 40, 42], "summary": {"covered_lines": 24, "num_statements": 24, "percent_covered": 100.0, "percent_covered_display": "100", "missing_lines": 0, "excluded_lines": 2, "percent_statements_covered": 100.0, "percent_statements_covered_display": "100", "num_branches": 0, "num_partial_branches": 0, "covered_branches": 0, "missing_branches": 0, "percent_branches_covered": 100.0, "percent_branches_covered_display": "100"}, "missing_lines": [], "excluded_lines": [13, 14], "executed_branches": [], "missing_branches": [], "functions": {"": {"executed_lines": [1, 3, 4, 5, 7, 8, 9, 11, 17, 20, 22, 23, 24, 25, 27, 30, 33, 35, 36, 37, 38, 39, 40, 42], "summary": {"covered_lines": 24, "num_statements": 24, "percent_covered": 100.0, "percent_covered_display": "100", "missing_lines": 0, "excluded_lines": 2, "percent_statements_covered": 100.0, "percent_statements_covered_display": "100", "num_branches": 0, "num_partial_branches": 0, "covered_branches": 0, "missing_branches": 0, "percent_branches_covered": 100.0, "percent_branches_covered_display": "100"}, "missing_lines": [], "excluded_lines": [13, 14], "start_line": 1, "executed_branches": [], "missing_branches": []}}, "classes": {"CaregiverMagicLink": {"executed_lines": [], "summary": {"covered_lines": 0, "num_statements": 0, "percent_covered": 100.0, "percent_covered_display": "100", "missing_lines": 0, "excluded_lines": 0, "percent_statements_covered": 100.0, "percent_statements_covered_display": "100", "num_branches": 0, "num_partial_branches": 0, "covered_branches": 0, "missing_branches": 0, "percent_branches_covered": 100.0, "percent_branches_covered_display": "100"}, "missing_lines": [], "excluded_lines": [], "start_line": 17, "executed_branches": [], "missing_branches": []}, "CaregiverSession": {"executed_lines": [], "summary": {"covered_lines": 0, "num_statements": 0, "percent_covered": 100.0, "percent_covered_display": "100", "missing_lines": 0, "excluded_lines": 0, "percent_statements_covered": 100.0, "percent_statements_covered_display": "100", "num_branches": 0, "num_partial_branches": 0, "covered_branches": 0, "missing_branches": 0, "percent_branches_covered": 100.0, "percent_branches_covered_display": "100"}, "missing_lines": [], "excluded_lines": [], "start_line": 30, "executed_branches": [], "missing_branches": []}, "": {"executed_lines": [1, 3, 4, 5, 7, 8, 9, 11, 17, 20, 22, 23, 24, 25, 27, 30, 33, 35, 36, 37, 38, 39, 40, 42], "summary": {"covered_lines": 24, "num_statements": 24, "percent_covered": 100.0, "percent_covered_display": "100", "missing_lines": 0, "excluded_lines": 2, "percent_statements_covered": 100.0, "percent_statements_covered_display": "100", "num_branches": 0, "num_partial_branches": 0, "covered_branches": 0, "missing_branches": 0, "percent_branches_covered": 100.0, "percent_branches_covered_display": "100"}, "missing_lines": [], "excluded_lines": [13, 14], "start_line": 1, "executed_branches": [], "missing_branches": []}}}, "app/models/child.py": {"executed_lines": [1, 3, 4, 5, 7, 8, 9, 11, 18, 21, 23, 24, 25, 27, 28, 29, 30, 33, 34, 35, 38, 39], "summary": {"covered_lines": 22, "num_statements": 22, "percent_covered": 100.0, "percent_covered_display": "100", "missing_lines": 0, "excluded_lines": 3, "percent_statements_covered": 100.0, "percent_statements_covered_display": "100", "num_branches": 0, "num_partial_branches": 0, "covered_branches": 0, "missing_branches": 0, "percent_branches_covered": 100.0, "percent_branches_covered_display": "100"}, "missing_lines": [], "excluded_lines": [13, 14, 15], "executed_branches": [], "missing_branches": [], "functions": {"": {"executed_lines": [1, 3, 4, 5, 7, 8, 9, 11, 18, 21, 23, 24, 25, 27, 28, 29, 30, 33, 34, 35, 38, 39], "summary": {"covered_lines": 22, "num_statements": 22, "percent_covered": 100.0, "percent_covered_display": "100", "missing_lines": 0, "excluded_lines": 3, "percent_statements_covered": 100.0, "percent_statements_covered_display": "100", "num_branches": 0, "num_partial_branches": 0, "covered_branches": 0, "missing_branches": 0, "percent_branches_covered": 100.0, "percent_branches_covered_display": "100"}, "missing_lines": [], "excluded_lines": [13, 14, 15], "start_line": 1, "executed_branches": [], "missing_branches": []}}, "classes": {"Child": {"executed_lines": [], "summary": {"covered_lines": 0, "num_statements": 0, "percent_covered": 100.0, "percent_covered_display": "100", "missing_lines": 0, "excluded_lines": 0, "percent_statements_covered": 100.0, "percent_statements_covered_display": "100", "num_branches": 0, "num_partial_branches": 0, "covered_branches": 0, "missing_branches": 0, "percent_branches_covered": 100.0, "percent_branches_covered_display": "100"}, "missing_lines": [], "excluded_lines": [], "start_line": 18, "executed_branches": [], "missing_branches": []}, "": {"executed_lines": [1, 3, 4, 5, 7, 8, 9, 11, 18, 21, 23, 24, 25, 27, 28, 29, 30, 33, 34, 35, 38, 39], "summary": {"covered_lines": 22, "num_statements": 22, "percent_covered": 100.0, "percent_covered_display": "100", "missing_lines": 0, "excluded_lines": 3, "percent_statements_covered": 100.0, "percent_statements_covered_display": "100", "num_branches": 0, "num_partial_branches": 0, "covered_branches": 0, "missing_branches": 0, "percent_branches_covered": 100.0, "percent_branches_covered_display": "100"}, "missing_lines": [], "excluded_lines": [13, 14, 15], "start_line": 1, "executed_branches": [], "missing_branches": []}}}, "app/models/child_note.py": {"executed_lines": [1, 3, 5, 6, 7, 9, 12, 15, 17, 24, 25], "summary": {"covered_lines": 11, "num_statements": 11, "percent_covered": 100.0, "percent_covered_display": "100", "missing_lines": 0, "excluded_lines": 0, "percent_statements_covered": 100.0, "percent_statements_covered_display": "100", "num_branches": 0, "num_partial_branches": 0, "covered_branches": 0, "missing_branches": 0, "percent_branches_covered": 100.0, "percent_branches_covered_display": "100"}, "missing_lines": [], "excluded_lines": [], "executed_branches": [], "missing_branches": [], "functions": {"": {"executed_lines": [1, 3, 5, 6, 7, 9, 12, 15, 17, 24, 25], "summary": {"covered_lines": 11, "num_statements": 11, "percent_covered": 100.0, "percent_covered_display": "100", "missing_lines": 0, "excluded_lines": 0, "percent_statements_covered": 100.0, "percent_statements_covered_display": "100", "num_branches": 0, "num_partial_branches": 0, "covered_branches": 0, "missing_branches": 0, "percent_branches_covered": 100.0, "percent_branches_covered_display": "100"}, "missing_lines": [], "excluded_lines": [], "start_line": 1, "executed_branches": [], "missing_branches": []}}, "classes": {"ChildNote": {"executed_lines": [], "summary": {"covered_lines": 0, "num_statements": 0, "percent_covered": 100.0, "percent_covered_display": "100", "missing_lines": 0, "excluded_lines": 0, "percent_statements_covered": 100.0, "percent_statements_covered_display": "100", "num_branches": 0, "num_partial_branches": 0, "covered_branches": 0, "missing_branches": 0, "percent_branches_covered": 100.0, "percent_branches_covered_display": "100"}, "missing_lines": [], "excluded_lines": [], "start_line": 12, "executed_branches": [], "missing_branches": []}, "": {"executed_lines": [1, 3, 5, 6, 7, 9, 12, 15, 17, 24, 25], "summary": {"covered_lines": 11, "num_statements": 11, "percent_covered": 100.0, "percent_covered_display": "100", "missing_lines": 0, "excluded_lines": 0, "percent_statements_covered": 100.0, "percent_statements_covered_display": "100", "num_branches": 0, "num_partial_branches": 0, "covered_branches": 0, "missing_branches": 0, "percent_branches_covered": 100.0, "percent_branches_covered_display": "100"}, "missing_lines": [], "excluded_lines": [], "start_line": 1, "executed_branches": [], "missing_branches": []}}}, "app/models/exclusion_date.py": {"executed_lines": [1, 3, 5, 6, 8, 11, 14, 15, 17, 18, 19], "summary": {"covered_lines": 11, "num_statements": 11, "percent_covered": 100.0, "percent_covered_display": "100", "missing_lines": 0, "excluded_lines": 0, "percent_statements_covered": 100.0, "percent_statements_covered_display": "100", "num_branches": 0, "num_partial_branches": 0, "covered_branches": 0, "missing_branches": 0, "percent_branches_covered": 100.0, "percent_branches_covered_display": "100"}, "missing_lines": [], "excluded_lines": [], "executed_branches": [], "missing_branches": [], "functions": {"": {"executed_lines": [1, 3, 5, 6, 8, 11, 14, 15, 17, 18, 19], "summary": {"covered_lines": 11, "num_statements": 11, "percent_covered": 100.0, "percent_covered_display": "100", "missing_lines": 0, "excluded_lines": 0, "percent_statements_covered": 100.0, "percent_statements_covered_display": "100", "num_branches": 0, "num_partial_branches": 0, "covered_branches": 0, "missing_branches": 0, "percent_branches_covered": 100.0, "percent_branches_covered_display": "100"}, "missing_lines": [], "excluded_lines": [], "start_line": 1, "executed_branches": [], "missing_branches": []}}, "classes": {"ExclusionDate": {"executed_lines": [], "summary": {"covered_lines": 0, "num_statements": 0, "percent_covered": 100.0, "percent_covered_display": "100", "missing_lines": 0, "excluded_lines": 0, "percent_statements_covered": 100.0, "percent_statements_covered_display": "100", "num_branches": 0, "num_partial_branches": 0, "covered_branches": 0, "missing_branches": 0, "percent_branches_covered": 100.0, "percent_branches_covered_display": "100"}, "missing_lines": [], "excluded_lines": [], "start_line": 11, "executed_branches": [], "missing_branches": []}, "": {"executed_lines": [1, 3, 5, 6, 8, 11, 14, 15, 17, 18, 19], "summary": {"covered_lines": 11, "num_statements": 11, "percent_covered": 100.0, "percent_covered_display": "100", "missing_lines": 0, "excluded_lines": 0, "percent_statements_covered": 100.0, "percent_statements_covered_display": "100", "num_branches": 0, "num_partial_branches": 0, "covered_branches": 0, "missing_branches": 0, "percent_branches_covered": 100.0, "percent_branches_covered_display": "100"}, "missing_lines": [], "excluded_lines": [], "start_line": 1, "executed_branches": [], "missing_branches": []}}}, "app/models/session.py": {"executed_lines": [1, 3, 4, 5, 6, 8, 9, 10, 12, 13, 22, 23, 24, 25, 26, 27, 28, 29, 32, 40, 42, 54, 56, 57, 60, 63, 64, 67, 69, 70, 73, 74, 77, 78, 81, 82, 84, 87, 88, 90, 97, 104, 110, 111, 118, 119, 129, 133, 137], "summary": {"covered_lines": 49, "num_statements": 62, "percent_covered": 72.05882352941177, "percent_covered_display": "72", "missing_lines": 13, "excluded_lines": 5, "percent_statements_covered": 79.03225806451613, "percent_statements_covered_display": "79", "num_branches": 6, "num_partial_branches": 0, "covered_branches": 0, "missing_branches": 6, "percent_branches_covered": 0.0, "percent_branches_covered_display": "0"}, "missing_lines": [113, 115, 116, 121, 122, 123, 124, 125, 126, 127, 131, 135, 139], "excluded_lines": [15, 16, 17, 18, 19], "executed_branches": [], "missing_branches": [[122, 123], [122, 127], [123, 122], [123, 124], [124, 125], [124, 126]], "functions": {"Session.blocks": {"executed_lines": [], "summary": {"covered_lines": 0, "num_statements": 3, "percent_covered": 0.0, "percent_covered_display": "0", "missing_lines": 3, "excluded_lines": 0, "percent_statements_covered": 0.0, "percent_statements_covered_display": "0", "num_branches": 0, "num_partial_branches": 0, "covered_branches": 0, "missing_branches": 0, "percent_branches_covered": 100.0, "percent_branches_covered_display": "100"}, "missing_lines": [113, 115, 116], "excluded_lines": [], "start_line": 111, "executed_branches": [], "missing_branches": []}, "Session.occurrences_by_block": {"executed_lines": [], "summary": {"covered_lines": 0, "num_statements": 7, "percent_covered": 0.0, "percent_covered_display": "0", "missing_lines": 7, "excluded_lines": 0, "percent_statements_covered": 0.0, "percent_statements_covered_display": "0", "num_branches": 6, "num_partial_branches": 0, "covered_branches": 0, "missing_branches": 6, "percent_branches_covered": 0.0, "percent_branches_covered_display": "0"}, "missing_lines": [121, 122, 123, 124, 125, 126, 127], "excluded_lines": [], "start_line": 119, "executed_branches": [], "missing_branches": [[122, 123], [122, 127], [123, 122], [123, 124], [124, 125], [124, 126]]}, "Session.confirmed_count": {"executed_lines": [], "summary": {"covered_lines": 0, "num_statements": 1, "percent_covered": 0.0, "percent_covered_display": "0", "missing_lines": 1, "excluded_lines": 0, "percent_statements_covered": 0.0, "percent_statements_covered_display": "0", "num_branches": 0, "num_partial_branches": 0, "covered_branches": 0, "missing_branches": 0, "percent_branches_covered": 100.0, "percent_branches_covered_display": "100"}, "missing_lines": [131], "excluded_lines": [], "start_line": 129, "executed_branches": [], "missing_branches": []}, "Session.capacity_left": {"executed_lines": [], "summary": {"covered_lines": 0, "num_statements": 1, "percent_covered": 0.0, "percent_covered_display": "0", "missing_lines": 1, "excluded_lines": 0, "percent_statements_covered": 0.0, "percent_statements_covered_display": "0", "num_branches": 0, "num_partial_branches": 0, "covered_branches": 0, "missing_branches": 0, "percent_branches_covered": 100.0, "percent_branches_covered_display": "100"}, "missing_lines": [135], "excluded_lines": [], "start_line": 133, "executed_branches": [], "missing_branches": []}, "Session.is_at_capacity": {"executed_lines": [], "summary": {"covered_lines": 0, "num_statements": 1, "percent_covered": 0.0, "percent_covered_display": "0", "missing_lines": 1, "excluded_lines": 0, "percent_statements_covered": 0.0, "percent_statements_covered_display": "0", "num_branches": 0, "num_partial_branches": 0, "covered_branches": 0, "missing_branches": 0, "percent_branches_covered": 100.0, "percent_branches_covered_display": "100"}, "missing_lines": [139], "excluded_lines": [], "start_line": 137, "executed_branches": [], "missing_branches": []}, "": {"executed_lines": [1, 3, 4, 5, 6, 8, 9, 10, 12, 13, 22, 23, 24, 25, 26, 27, 28, 29, 32, 40, 42, 54, 56, 57, 60, 63, 64, 67, 69, 70, 73, 74, 77, 78, 81, 82, 84, 87, 88, 90, 97, 104, 110, 111, 118, 119, 129, 133, 137], "summary": {"covered_lines": 49, "num_statements": 49, "percent_covered": 100.0, "percent_covered_display": "100", "missing_lines": 0, "excluded_lines": 5, "percent_statements_covered": 100.0, "percent_statements_covered_display": "100", "num_branches": 0, "num_partial_branches": 0, "covered_branches": 0, "missing_branches": 0, "percent_branches_covered": 100.0, "percent_branches_covered_display": "100"}, "missing_lines": [], "excluded_lines": [15, 16, 17, 18, 19], "start_line": 1, "executed_branches": [], "missing_branches": []}}, "classes": {"DayOfWeekEnum": {"executed_lines": [], "summary": {"covered_lines": 0, "num_statements": 0, "percent_covered": 100.0, "percent_covered_display": "100", "missing_lines": 0, "excluded_lines": 0, "percent_statements_covered": 100.0, "percent_statements_covered_display": "100", "num_branches": 0, "num_partial_branches": 0, "covered_branches": 0, "missing_branches": 0, "percent_branches_covered": 100.0, "percent_branches_covered_display": "100"}, "missing_lines": [], "excluded_lines": [], "start_line": 22, "executed_branches": [], "missing_branches": []}, "Session": {"executed_lines": [], "summary": {"covered_lines": 0, "num_statements": 13, "percent_covered": 0.0, "percent_covered_display": "0", "missing_lines": 13, "excluded_lines": 0, "percent_statements_covered": 0.0, "percent_statements_covered_display": "0", "num_branches": 6, "num_partial_branches": 0, "covered_branches": 0, "missing_branches": 6, "percent_branches_covered": 0.0, "percent_branches_covered_display": "0"}, "missing_lines": [113, 115, 116, 121, 122, 123, 124, 125, 126, 127, 131, 135, 139], "excluded_lines": [], "start_line": 32, "executed_branches": [], "missing_branches": [[122, 123], [122, 127], [123, 122], [123, 124], [124, 125], [124, 126]]}, "": {"executed_lines": [1, 3, 4, 5, 6, 8, 9, 10, 12, 13, 22, 23, 24, 25, 26, 27, 28, 29, 32, 40, 42, 54, 56, 57, 60, 63, 64, 67, 69, 70, 73, 74, 77, 78, 81, 82, 84, 87, 88, 90, 97, 104, 110, 111, 118, 119, 129, 133, 137], "summary": {"covered_lines": 49, "num_statements": 49, "percent_covered": 100.0, "percent_covered_display": "100", "missing_lines": 0, "excluded_lines": 5, "percent_statements_covered": 100.0, "percent_statements_covered_display": "100", "num_branches": 0, "num_partial_branches": 0, "covered_branches": 0, "missing_branches": 0, "percent_branches_covered": 100.0, "percent_branches_covered_display": "100"}, "missing_lines": [], "excluded_lines": [15, 16, 17, 18, 19], "start_line": 1, "executed_branches": [], "missing_branches": []}}}, "app/models/session_block.py": {"executed_lines": [1, 3, 4, 5, 7, 8, 10, 17, 20, 21, 22, 23, 24, 27, 38, 40, 42, 43, 50, 53, 54, 57, 60, 64], "summary": {"covered_lines": 24, "num_statements": 24, "percent_covered": 100.0, "percent_covered_display": "100", "missing_lines": 0, "excluded_lines": 5, "percent_statements_covered": 100.0, "percent_statements_covered_display": "100", "num_branches": 0, "num_partial_branches": 0, "covered_branches": 0, "missing_branches": 0, "percent_branches_covered": 100.0, "percent_branches_covered_display": "100"}, "missing_lines": [], "excluded_lines": [12, 13, 14, 66, 67], "executed_branches": [], "missing_branches": [], "functions": {"SessionBlock.__repr__": {"executed_lines": [], "summary": {"covered_lines": 0, "num_statements": 0, "percent_covered": 100.0, "percent_covered_display": "100", "missing_lines": 0, "excluded_lines": 1, "percent_statements_covered": 100.0, "percent_statements_covered_display": "100", "num_branches": 0, "num_partial_branches": 0, "covered_branches": 0, "missing_branches": 0, "percent_branches_covered": 100.0, "percent_branches_covered_display": "100"}, "missing_lines": [], "excluded_lines": [67], "start_line": 66, "executed_branches": [], "missing_branches": []}, "": {"executed_lines": [1, 3, 4, 5, 7, 8, 10, 17, 20, 21, 22, 23, 24, 27, 38, 40, 42, 43, 50, 53, 54, 57, 60, 64], "summary": {"covered_lines": 24, "num_statements": 24, "percent_covered": 100.0,
[...]
": "0"}, "missing_lines": [1, 3, 5, 6, 9, 24, 25], "excluded_lines": [], "start_line": 1, "executed_branches": [], "missing_branches": [[24, -9], [24, 25]]}}}, "app/utils/oauth.py": {"executed_lines": [1, 3, 4, 5, 7, 8, 9, 10, 11, 19, 20, 23, 55, 82, 98, 109, 128, 147, 148, 149, 151, 169, 216, 219], "summary": {"covered_lines": 24, "num_statements": 59, "percent_covered": 35.82089552238806, "percent_covered_display": "36", "missing_lines": 35, "excluded_lines": 4, "percent_statements_covered": 40.67796610169491, "percent_statements_covered_display": "41", "num_branches": 8, "num_partial_branches": 0, "covered_branches": 0, "missing_branches": 8, "percent_branches_covered": 0.0, "percent_branches_covered_display": "0"}, "missing_lines": [42, 48, 49, 50, 51, 52, 70, 71, 72, 73, 74, 75, 76, 77, 79, 93, 94, 95, 117, 118, 125, 162, 165, 166, 167, 192, 193, 198, 199, 200, 205, 206, 213, 228, 236], "excluded_lines": [13, 14, 15, 16], "executed_branches": [], "missing_branches": [[48, 49], [48, 50], [50, 51], [50, 52], [72, 73], [72, 79], [192, 193], [192, 198]], "functions": {"create_oauth_state": {"executed_lines": [], "summary": {"covered_lines": 0, "num_statements": 6, "percent_covered": 0.0, "percent_covered_display": "0", "missing_lines": 6, "excluded_lines": 0, "percent_statements_covered": 0.0, "percent_statements_covered_display": "0", "num_branches": 4, "num_partial_branches": 0, "covered_branches": 0, "missing_branches": 4, "percent_branches_covered": 0.0, "percent_branches_covered_display": "0"}, "missing_lines": [42, 48, 49, 50, 51, 52], "excluded_lines": [], "start_line": 23, "executed_branches": [], "missing_branches": [[48, 49], [48, 50], [50, 51], [50, 52]]}, "verify_oauth_state": {"executed_lines": [], "summary": {"covered_lines": 0, "num_statements": 9, "percent_covered": 0.0, "percent_covered_display": "0", "missing_lines": 9, "excluded_lines": 0, "percent_statements_covered": 0.0, "percent_statements_covered_display": "0", "num_branches": 2, "num_partial_branches": 0, "covered_branches": 0, "missing_branches": 2, "percent_branches_covered": 0.0, "percent_branches_covered_display": "0"}, "missing_lines": [70, 71, 72, 73, 74, 75, 76, 77, 79], "excluded_lines": [], "start_line": 55, "executed_branches": [], "missing_branches": [[72, 73], [72, 79]]}, "build_oauth_error_redirect": {"executed_lines": [], "summary": {"covered_lines": 0, "num_statements": 3, "percent_covered": 0.0, "percent_covered_display": "0", "missing_lines": 3, "excluded_lines": 0, "percent_statements_covered": 0.0, "percent_statements_covered_display": "0", "num_branches": 0, "num_partial_branches": 0, "covered_branches": 0, "missing_branches": 0, "percent_branches_covered": 100.0, "percent_branches_covered_display": "100"}, "missing_lines": [93, 94, 95], "excluded_lines": [], "start_line": 82, "executed_branches": [], "missing_branches": []}, "OAuth2AuthorizeCallbackError.__init__": {"executed_lines": [], "summary": {"covered_lines": 0, "num_statements": 3, "percent_covered": 0.0, "percent_covered_display": "0", "missing_lines": 3, "excluded_lines": 0, "percent_statements_covered": 0.0, "percent_statements_covered_display": "0", "num_branches": 0, "num_partial_branches": 0, "covered_branches": 0, "missing_branches": 0, "percent_branches_covered": 100.0, "percent_branches_covered_display": "100"}, "missing_lines": [117, 118, 125], "excluded_lines": [], "start_line": 109, "executed_branches": [], "missing_branches": []}, "OAuth2AuthorizeCallback.__init__": {"executed_lines": [], "summary": {"covered_lines": 0, "num_statements": 4, "percent_covered": 0.0, "percent_covered_display": "0", "missing_lines": 4, "excluded_lines": 0, "percent_statements_covered": 0.0, "percent_statements_covered_display": "0", "num_branches": 0, "num_partial_branches": 0, "covered_branches": 0, "missing_branches": 0, "percent_branches_covered": 100.0, "percent_branches_covered_display": "100"}, "missing_lines": [162, 165, 166, 167], "excluded_lines": [], "start_line": 151, "executed_branches": [], "missing_branches": []}, "OAuth2AuthorizeCallback.__call__": {"executed_lines": [], "summary": {"covered_lines": 0, "num_statements": 8, "percent_covered": 0.0, "percent_covered_display": "0", "missing_lines": 8, "excluded_lines": 0, "percent_statements_covered": 0.0, "percent_statements_covered_display": "0", "num_branches": 2, "num_partial_branches": 0, "covered_branches": 0, "missing_branches": 2, "percent_branches_covered": 0.0, "percent_branches_covered_display": "0"}, "missing_lines": [192, 193, 198, 199, 200, 205, 206, 213], "excluded_lines": [], "start_line": 169, "executed_branches": [], "missing_branches": [[192, 193], [192, 198]]}, "OAuth2ProviderPlugin.on_app_init": {"executed_lines": [], "summary": {"covered_lines": 0, "num_statements": 2, "percent_covered": 0.0, "percent_covered_display": "0", "missing_lines": 2, "excluded_lines": 0, "percent_statements_covered": 0.0, "percent_statements_covered_display": "0", "num_branches": 0, "num_partial_branches": 0, "covered_branches": 0, "missing_branches": 0, "percent_branches_covered": 100.0, "percent_branches_covered_display": "100"}, "missing_lines": [228, 236], "excluded_lines": [], "start_line": 219, "executed_branches": [], "missing_branches": []}, "": {"executed_lines": [1, 3, 4, 5, 7, 8, 9, 10, 11, 19, 20, 23, 55, 82, 98, 109, 128, 147, 148, 149, 151, 169, 216, 219], "summary": {"covered_lines": 24, "num_statements": 24, "percent_covered": 100.0, "percent_covered_display": "100", "missing_lines": 0, "excluded_lines": 4, "percent_statements_covered": 100.0, "percent_statements_covered_display": "100", "num_branches": 0, "num_partial_branches": 0, "covered_branches": 0, "missing_branches": 0, "percent_branches_covered": 100.0, "percent_branches_covered_display": "100"}, "missing_lines": [], "excluded_lines": [13, 14, 15, 16], "start_line": 1, "executed_branches": [], "missing_branches": []}}, "classes": {"OAuth2AuthorizeCallbackError": {"executed_lines": [], "summary": {"covered_lines": 0, "num_statements": 3, "percent_covered": 0.0, "percent_covered_display": "0", "missing_lines": 3, "excluded_lines": 0, "percent_statements_covered": 0.0, "percent_statements_covered_display": "0", "num_branches": 0, "num_partial_branches": 0, "covered_branches": 0, "missing_branches": 0, "percent_branches_covered": 100.0, "percent_branches_covered_display": "100"}, "missing_lines": [117, 118, 125], "excluded_lines": [], "start_line": 98, "executed_branches": [], "missing_branches": []}, "OAuth2AuthorizeCallback": {"executed_lines": [], "summary": {"covered_lines": 0, "num_statements": 12, "percent_covered": 0.0, "percent_covered_display": "0", "missing_lines": 12, "excluded_lines": 0, "percent_statements_covered": 0.0, "percent_statements_covered_display": "0", "num_branches": 2, "num_partial_branches": 0, "covered_branches": 0, "missing_branches": 2, "percent_branches_covered": 0.0, "percent_branches_covered_display": "0"}, "missing_lines": [162, 165, 166, 167, 192, 193, 198, 199, 200, 205, 206, 213], "excluded_lines": [], "start_line": 128, "executed_branches": [], "missing_branches": [[192, 193], [192, 198]]}, "OAuth2ProviderPlugin": {"executed_lines": [], "summary": {"covered_lines": 0, "num_statements": 2, "percent_covered": 0.0, "percent_covered_display": "0", "missing_lines": 2, "excluded_lines": 0, "percent_statements_covered": 0.0, "percent_statements_covered_display": "0", "num_branches": 0, "num_partial_branches": 0, "covered_branches": 0, "missing_branches": 0, "percent_branches_covered": 100.0, "percent_branches_covered_display": "100"}, "missing_lines": [228, 236], "excluded_lines": [], "start_line": 216, "executed_branches": [], "missing_branches": []}, "": {"executed_lines": [1, 3, 4, 5, 7, 8, 9, 10, 11, 19, 20, 23, 55, 82, 98, 109, 128, 147, 148, 149, 151, 169, 216, 219], "summary": {"covered_lines": 24, "num_statements": 42, "percent_covered": 50.0, "percent_covered_display": "50", "missing_lines": 18, "excluded_lines": 4, "percent_statements_covered": 57.142857142857146, "percent_statements_covered_display": "57", "num_branches": 6, "num_partial_branches": 0, "covered_branches": 0, "missing_branches": 6, "percent_branches_covered": 0.0, "percent_branches_covered_display": "0"}, "missing_lines": [42, 48, 49, 50, 51, 52, 70, 71, 72, 73, 74, 75, 76, 77, 79, 93, 94, 95], "excluded_lines": [13, 14, 15, 16], "start_line": 1, "executed_branches": [], "missing_branches": [[48, 49], [48, 50], [50, 51], [50, 52], [72, 73], [72, 79]]}}}, "app/worker.py": {"executed_lines": [3, 4, 5, 6, 8, 9, 11, 12, 13, 15, 18, 23, 70, 127, 188, 239, 293, 345, 378, 642, 662], "summary": {"covered_lines": 21, "num_statements": 159, "percent_covered": 10.552763819095478, "percent_covered_display": "11", "missing_lines": 138, "excluded_lines": 0, "percent_statements_covered": 13.20754716981132, "percent_statements_covered_display": "13", "num_branches": 40, "num_partial_branches": 0, "covered_branches": 0, "missing_branches": 40, "percent_branches_covered": 0.0, "percent_branches_covered_display": "0"}, "missing_lines": [20, 44, 46, 62, 89, 91, 104, 107, 109, 118, 120, 148, 150, 165, 168, 170, 179, 181, 205, 207, 221, 223, 231, 232, 259, 261, 275, 277, 285, 286, 312, 314, 327, 329, 337, 338, 355, 356, 357, 358, 359, 364, 365, 372, 373, 375, 387, 388, 390, 391, 392, 394, 395, 396, 397, 398, 399, 400, 402, 404, 405, 406, 409, 410, 412, 421, 423, 425, 426, 427, 428, 429, 431, 432, 434, 435, 436, 437, 440, 441, 443, 445, 447, 456, 457, 458, 461, 468, 470, 471, 472, 475, 486, 488, 489, 491, 492, 493, 494, 496, 497, 499, 500, 503, 504, 505, 526, 527, 528, 547, 548, 550, 553, 554, 555, 556, 571, 574, 575, 577, 586, 587, 590, 591, 592, 593, 606, 609, 610, 612, 621, 622, 624, 630, 631, 632, 638, 664], "excluded_lines": [], "executed_branches": [], "missing_branches": [[356, 357], [356, 375], [372, 356], [372, 373], [425, 426], [425, 547], [431, 432], [431, 434], [445, 447], [445, 461], [457, 458], [457, 496], [470, 471], [470, 496], [488, 489], [488, 491], [491, 492], [491, 496], [496, 497], [496, 499], [504, 505], [504, 526], [527, 425], [527, 528], [553, 554], [553, 590], [555, 556], [555, 590], [574, 575], [574, 577], [586, 555], [586, 587], [590, 591], [590, 624], [592, 593], [592, 624], [609, 610], [609, 612], [621, 592], [621, 622]], "functions": {"_build_bcc": {"executed_lines": [], "summary": {"covered_lines": 0, "num_statements": 1, "percent_covered": 0.0, "percent_covered_display": "0", "missing_lines": 1, "excluded_lines": 0, "percent_statements_covered": 0.0, "percent_statements_covered_display": "0", "num_branches": 0, "num_partial_branches": 0, "covered_branches": 0, "missing_branches": 0, "percent_branches_covered": 100.0, "percent_branches_covered_display": "100"}, "missing_lines": [20], "excluded_lines": [], "start_line": 18, "executed_branches": [], "missing_branches": []}, "send_signup_confirmation_task": {"executed_lines": [], "summary": {"covered_lines": 0, "num_statements": 3, "percent_covered": 0.0, "percent_covered_display": "0", "missing_lines": 3, "excluded_lines": 0, "percent_statements_covered": 0.0, "percent_statements_covered_display": "0", "num_branches": 0, "num_partial_branches": 0, "covered_branches": 0, "missing_branches": 0, "percent_branches_covered": 100.0, "percent_branches_covered_display": "100"}, "missing_lines": [44, 46, 62], "excluded_lines": [], "start_line": 23, "executed_branches": [], "missing_branches": []}, "send_session_reminder_task": {"executed_lines": [], "summary": {"covered_lines": 0, "num_statements": 7, "percent_covered": 0.0, "percent_covered_display": "0", "missing_lines": 7, "excluded_lines": 0, "percent_statements_covered": 0.0, "percent_statements_covered_display": "0", "num_branches": 0, "num_partial_branches": 0, "covered_branches": 0, "missing_branches": 0, "percent_branches_covered": 100.0, "percent_branches_covered_display": "100"}, "missing_lines": [89, 91, 104, 107, 109, 118, 120], "excluded_lines": [], "start_line": 70, "executed_branches": [], "missing_branches": []}, "send_session_term_info_task": {"executed_lines": [], "summary": {"covered_lines": 0, "num_statements": 7, "percent_covered": 0.0, "percent_covered_display": "0", "missing_lines": 7, "excluded_lines": 0, "percent_statements_covered": 0.0, "percent_statements_covered_display": "0", "num_branches": 0, "num_partial_branches": 0, "covered_branches": 0, "missing_branches": 0, "percent_branches_covered": 100.0, "percent_branches_covered_display": "100"}, "missing_lines": [148, 150, 165, 168, 170, 179, 181], "excluded_lines": [], "start_line": 127, "executed_branches": [], "missing_branches": []}, "send_waitlist_confirmed_task": {"executed_lines": [], "summary": {"covered_lines": 0, "num_statements": 6, "percent_covered": 0.0, "percent_covered_display": "0", "missing_lines": 6, "excluded_lines": 0, "percent_statements_covered": 0.0, "percent_statements_covered_display": "0", "num_branches": 0, "num_partial_branches": 0, "covered_branches": 0, "missing_branches": 0, "percent_branches_covered": 100.0, "percent_branches_covered_display": "100"}, "missing_lines": [205, 207, 221, 223, 231, 232], "excluded_lines": [], "start_line": 188, "executed_branches": [], "missing_branches": []}, "send_session_change_alert_task": {"executed_lines": [], "summary": {"covered_lines": 0, "num_statements": 6, "percent_covered": 0.0, "percent_covered_display": "0", "missing_lines": 6, "excluded_lines": 0, "percent_statements_covered": 0.0, "percent_statements_covered_display": "0", "num_branches": 0, "num_partial_branches": 0, "covered_branches": 0, "missing_branches": 0, "percent_branches_covered": 100.0, "percent_branches_covered_display": "100"}, "missing_lines": [259, 261, 275, 277, 285, 286], "excluded_lines": [], "start_line": 239, "executed_branches": [], "missing_branches": []}, "send_missed_session_followup_task": {"executed_lines": [], "summary": {"covered_lines": 0, "num_statements": 6, "percent_covered": 0.0, "percent_covered_display": "0", "missing_lines": 6, "excluded_lines": 0, "percent_statements_covered": 0.0, "percent_statements_covered_display": "0", "num_branches": 0, "num_partial_branches": 0, "covered_branches": 0, "missing_branches": 0, "percent_branches_covered": 100.0, "percent_branches_covered_display": "100"}, "missing_lines": [312, 314, 327, 329, 337, 338], "excluded_lines": [], "start_line": 293, "executed_branches": [], "missing_branches": []}, "notify_newsletter_subscription_task": {"executed_lines": [], "summary": {"covered_lines": 0, "num_statements": 10, "percent_covered": 0.0, "percent_covered_display": "0", "missing_lines": 10, "excluded_lines": 0, "percent_statements_covered": 0.0, "percent_statements_covered_display": "0", "num_branches": 4, "num_partial_branches": 0, "covered_branches": 0, "missing_branches": 4, "percent_branches_covered": 0.0, "percent_branches_covered_display": "0"}, "missing_lines": [355, 356, 357, 358, 359, 364, 365, 372, 373, 375], "excluded_lines": [], "start_line": 345, "executed_branches": [], "missing_branches": [[356, 357], [356, 375], [372, 356], [372, 373]]}, "process_batch_emails_task": {"executed_lines": [], "summary": {"covered_lines": 0, "num_statements": 91, "percent_covered": 0.0, "percent_covered_display": "0", "missing_lines": 91, "excluded_lines": 0, "percent_statements_covered": 0.0, "percent_statements_covered_display": "0", "num_branches": 36, "num_partial_branches": 0, "covered_branches": 0, "missing_branches": 36, "percent_branches_covered": 0.0, "percent_branches_covered_display": "0"}, "missing_lines": [387, 388, 390, 391, 392, 394, 395, 396, 397, 398, 399, 400, 402, 404, 405, 406, 409, 410, 412, 421, 423, 425, 426, 427, 428, 429, 431, 432, 434, 435, 436, 437, 440, 441, 443, 445, 447, 456, 457, 458, 461, 468, 470, 471, 472, 475, 486, 488, 489, 491, 492, 493, 494, 496, 497, 499, 500, 503, 504, 505, 526, 527, 528, 547, 548, 550, 553, 554, 555, 556, 571, 574, 575, 577, 586, 587, 590, 591, 592, 593, 606, 609, 610, 612, 621, 622, 624, 630, 631, 632, 638], "excluded_lines": [], "start_line": 378, "executed_branches": [], "missing_branches": [[425, 426], [425, 547], [431, 432], [431, 434], [445, 447], [445, 461], [457, 458], [457, 496], [470, 471], [470, 496], [488, 489], [488, 491], [491, 492], [491, 496], [496, 497], [496, 499], [504, 505], [504, 526], [527, 425], [527, 528], [553, 554], [553, 590], [555, 556], [555, 590], [574, 575], [574, 577], [586, 555], [586, 587], [590, 591], [590, 624], [592, 593], [592, 624], [609, 610], [609, 612], [621, 592], [621, 622]]}, "get_queue": {"executed_lines": [], "summary": {"covered_lines": 0, "num_statements": 1, "percent_covered": 0.0, "percent_covered_display": "0", "missing_lines": 1, "excluded_lines": 0, "percent_statements_covered": 0.0, "percent_statements_covered_display": "0", "num_branches": 0, "num_partial_branches": 0, "covered_branches": 0, "missing_branches": 0, "percent_branches_covered": 100.0, "percent_branches_covered_display": "100"}, "missing_lines": [664], "excluded_lines": [], "start_line": 662, "executed_branches": [], "missing_branches": []}, "": {"executed_lines": [3, 4, 5, 6, 8, 9, 11, 12, 13, 15, 18, 23, 70, 127, 188, 239, 293, 345, 378, 642, 662], "summary": {"covered_lines": 21, "num_statements": 21, "percent_covered": 100.0, "percent_covered_display": "100", "missing_lines": 0, "excluded_lines": 0, "percent_statements_covered": 100.0, "percent_statements_covered_display": "100", "num_branches": 0, "num_partial_branches": 0, "covered_branches": 0, "missing_branches": 0, "percent_branches_covered": 100.0, "percent_branches_covered_display": "100"}, "missing_lines": [], "excluded_lines": [], "start_line": 1, "executed_branches": [], "missing_branches": []}}, "classes": {"": {"executed_lines": [3, 4, 5, 6, 8, 9, 11, 12, 13, 15, 18, 23, 70, 127, 188, 239, 293, 345, 378, 642, 662], "summary": {"covered_lines": 21, "num_statements": 159, "percent_covered": 10.552763819095478, "percent_covered_display": "11", "missing_lines": 138, "excluded_lines": 0, "percent_statements_covered": 13.20754716981132, "percent_statements_covered_display": "13", "num_branches": 40, "num_partial_branches": 0, "covered_branches": 0, "missing_branches": 40, "percent_branches_covered": 0.0, "percent_branches_covered_display": "0"}, "missing_lines": [20, 44, 46, 62, 89, 91, 104, 107, 109, 118, 120, 148, 150, 165, 168, 170, 179, 181, 205, 207, 221, 223, 231, 232, 259, 261, 275, 277, 285, 286, 312, 314, 327, 329, 337, 338, 355, 356, 357, 358, 359, 364, 365, 372, 373, 375, 387, 388, 390, 391, 392, 394, 395, 396, 397, 398, 399, 400, 402, 404, 405, 406, 409, 410, 412, 421, 423, 425, 426, 427, 428, 429, 431, 432, 434, 435, 436, 437, 440, 441, 443, 445, 447, 456, 457, 458, 461, 468, 470, 471, 472, 475, 486, 488, 489, 491, 492, 493, 494, 496, 497, 499, 500, 503, 504, 505, 526, 527, 528, 547, 548, 550, 553, 554, 555, 556, 571, 574, 575, 577, 586, 587, 590, 591, 592, 593, 606, 609, 610, 612, 621, 622, 624, 630, 631, 632, 638, 664], "excluded_lines": [], "start_line": 1, "executed_branches": [], "missing_branches": [[356, 357], [356, 375], [372, 356], [372, 373], [425, 426], [425, 547], [431, 432], [431, 434], [445, 447], [445, 461], [457, 458], [457, 496], [470, 471], [470, 496], [488, 489], [488, 491], [491, 492], [491, 496], [496, 497], [496, 499], [504, 505], [504, 526], [527, 425], [527, 528], [553, 554], [553, 590], [555, 556], [555, 590], [574, 575], [574, 577], [586, 555], [586, 587], [590, 591], [590, 624], [592, 593], [592, 624], [609, 610], [609, 612], [621, 592], [621, 622]]}}}}, "totals": {"covered_lines": 1404, "num_statements": 2874, "percent_covered": 41.32327336041788, "percent_covered_display": "41", "missing_lines": 1470, "excluded_lines": 44, "percent_statements_covered": 48.8517745302714, "percent_statements_covered_display": "49", "num_branches": 572, "num_partial_branches": 6, "covered_branches": 20, "missing_branches": 552, "percent_branches_covered": 3.4965034965034967, "percent_branches_covered_display": "3"}}